{"C:\\Users\\Isaac\\Documents\\Sandbox\\goro-charts\\src\\defaults.ts": {"path":"C:\\Users\\Isaac\\Documents\\Sandbox\\goro-charts\\src\\defaults.ts","statementMap":{"0":{"start":{"line":15,"column":44},"end":{"line":39,"column":null}}},"fnMap":{},"branchMap":{},"s":{"0":1},"f":{},"b":{},"meta":{"lastBranch":0,"lastFunction":0,"lastStatement":1,"seen":{"s:15:44:39:Infinity":0},"fnNames":{}}}
,"C:\\Users\\Isaac\\Documents\\Sandbox\\goro-charts\\src\\charts\\area-chart.ts": {"path":"C:\\Users\\Isaac\\Documents\\Sandbox\\goro-charts\\src\\charts\\area-chart.ts","statementMap":{"0":{"start":{"line":16,"column":4},"end":{"line":16,"column":null}}},"fnMap":{"0":{"name":"renderSeries","decl":{"start":{"line":15,"column":2},"end":{"line":15,"column":12}},"loc":{"start":{"line":15,"column":116},"end":{"line":17,"column":null}},"line":15}},"branchMap":{},"s":{"0":0},"f":{"0":0},"b":{},"meta":{"lastBranch":0,"lastFunction":1,"lastStatement":1,"seen":{"f:15:2:15:12":0,"s:16:4:16:Infinity":0},"fnNames":{}}}
,"C:\\Users\\Isaac\\Documents\\Sandbox\\goro-charts\\src\\charts\\chart-base.ts": {"path":"C:\\Users\\Isaac\\Documents\\Sandbox\\goro-charts\\src\\charts\\chart-base.ts","statementMap":{"0":{"start":{"line":40,"column":35},"end":{"line":40,"column":null}},"1":{"start":{"line":41,"column":36},"end":{"line":41,"column":null}},"2":{"start":{"line":42,"column":23},"end":{"line":42,"column":null}},"3":{"start":{"line":43,"column":25},"end":{"line":43,"column":null}},"4":{"start":{"line":53,"column":18},"end":{"line":53,"column":null}},"5":{"start":{"line":54,"column":20},"end":{"line":54,"column":null}},"6":{"start":{"line":55,"column":20},"end":{"line":55,"column":null}},"7":{"start":{"line":56,"column":26},"end":{"line":56,"column":null}},"8":{"start":{"line":59,"column":25},"end":{"line":59,"column":null}},"9":{"start":{"line":60,"column":25},"end":{"line":60,"column":null}},"10":{"start":{"line":61,"column":24},"end":{"line":61,"column":null}},"11":{"start":{"line":63,"column":50},"end":{"line":63,"column":null}},"12":{"start":{"line":64,"column":24},"end":{"line":64,"column":null}},"13":{"start":{"line":65,"column":43},"end":{"line":65,"column":null}},"14":{"start":{"line":66,"column":19},"end":{"line":66,"column":null}},"15":{"start":{"line":67,"column":19},"end":{"line":67,"column":null}},"16":{"start":{"line":68,"column":19},"end":{"line":68,"column":null}},"17":{"start":{"line":69,"column":19},"end":{"line":69,"column":null}},"18":{"start":{"line":66,"column":40},"end":{"line":66,"column":null}},"19":{"start":{"line":67,"column":56},"end":{"line":67,"column":null}},"20":{"start":{"line":68,"column":44},"end":{"line":68,"column":null}},"21":{"start":{"line":69,"column":57},"end":{"line":69,"column":null}},"22":{"start":{"line":72,"column":4},"end":{"line":72,"column":null}},"23":{"start":{"line":73,"column":4},"end":{"line":73,"column":null}},"24":{"start":{"line":75,"column":4},"end":{"line":76,"column":null}},"25":{"start":{"line":78,"column":4},"end":{"line":78,"column":null}},"26":{"start":{"line":80,"column":4},"end":{"line":80,"column":null}},"27":{"start":{"line":82,"column":4},"end":{"line":82,"column":null}},"28":{"start":{"line":82,"column":47},"end":{"line":82,"column":64}},"29":{"start":{"line":83,"column":4},"end":{"line":83,"column":null}},"30":{"start":{"line":83,"column":55},"end":{"line":83,"column":74}},"31":{"start":{"line":86,"column":4},"end":{"line":86,"column":null}},"32":{"start":{"line":87,"column":4},"end":{"line":90,"column":null}},"33":{"start":{"line":92,"column":4},"end":{"line":94,"column":null}},"34":{"start":{"line":93,"column":6},"end":{"line":93,"column":null}},"35":{"start":{"line":93,"column":35},"end":{"line":93,"column":null}},"36":{"start":{"line":96,"column":4},"end":{"line":102,"column":null}},"37":{"start":{"line":97,"column":6},"end":{"line":97,"column":null}},"38":{"start":{"line":98,"column":6},"end":{"line":98,"column":null}},"39":{"start":{"line":99,"column":6},"end":{"line":99,"column":null}},"40":{"start":{"line":100,"column":6},"end":{"line":100,"column":null}},"41":{"start":{"line":101,"column":6},"end":{"line":101,"column":null}},"42":{"start":{"line":104,"column":4},"end":{"line":104,"column":null}},"43":{"start":{"line":105,"column":4},"end":{"line":105,"column":null}},"44":{"start":{"line":106,"column":4},"end":{"line":106,"column":null}},"45":{"start":{"line":107,"column":4},"end":{"line":107,"column":null}},"46":{"start":{"line":115,"column":4},"end":{"line":118,"column":null}},"47":{"start":{"line":116,"column":6},"end":{"line":116,"column":null}},"48":{"start":{"line":117,"column":6},"end":{"line":117,"column":null}},"49":{"start":{"line":119,"column":4},"end":{"line":121,"column":null}},"50":{"start":{"line":120,"column":6},"end":{"line":120,"column":null}},"51":{"start":{"line":122,"column":16},"end":{"line":122,"column":null}},"52":{"start":{"line":123,"column":4},"end":{"line":126,"column":null}},"53":{"start":{"line":123,"column":24},"end":{"line":123,"column":29}},"54":{"start":{"line":124,"column":6},"end":{"line":124,"column":null}},"55":{"start":{"line":125,"column":6},"end":{"line":125,"column":null}},"56":{"start":{"line":125,"column":41},"end":{"line":125,"column":55}},"57":{"start":{"line":127,"column":4},"end":{"line":130,"column":null}},"58":{"start":{"line":128,"column":6},"end":{"line":128,"column":null}},"59":{"start":{"line":129,"column":6},"end":{"line":129,"column":null}},"60":{"start":{"line":132,"column":4},"end":{"line":142,"column":null}},"61":{"start":{"line":132,"column":17},"end":{"line":132,"column":20}},"62":{"start":{"line":133,"column":16},"end":{"line":133,"column":null}},"63":{"start":{"line":134,"column":6},"end":{"line":137,"column":null}},"64":{"start":{"line":135,"column":8},"end":{"line":135,"column":null}},"65":{"start":{"line":136,"column":8},"end":{"line":136,"column":null}},"66":{"start":{"line":138,"column":6},"end":{"line":141,"column":null}},"67":{"start":{"line":139,"column":8},"end":{"line":139,"column":null}},"68":{"start":{"line":140,"column":8},"end":{"line":140,"column":null}},"69":{"start":{"line":152,"column":4},"end":{"line":172,"column":null}},"70":{"start":{"line":153,"column":28},"end":{"line":153,"column":null}},"71":{"start":{"line":154,"column":6},"end":{"line":154,"column":null}},"72":{"start":{"line":154,"column":33},"end":{"line":154,"column":null}},"73":{"start":{"line":156,"column":27},"end":{"line":156,"column":null}},"74":{"start":{"line":157,"column":6},"end":{"line":160,"column":null}},"75":{"start":{"line":158,"column":8},"end":{"line":158,"column":null}},"76":{"start":{"line":158,"column":62},"end":{"line":158,"column":null}},"77":{"start":{"line":159,"column":8},"end":{"line":159,"column":null}},"78":{"start":{"line":159,"column":61},"end":{"line":159,"column":null}},"79":{"start":{"line":162,"column":27},"end":{"line":162,"column":null}},"80":{"start":{"line":163,"column":6},"end":{"line":169,"column":null}},"81":{"start":{"line":164,"column":8},"end":{"line":164,"column":null}},"82":{"start":{"line":165,"column":8},"end":{"line":165,"column":null}},"83":{"start":{"line":166,"column":8},"end":{"line":166,"column":null}},"84":{"start":{"line":167,"column":8},"end":{"line":167,"column":null}},"85":{"start":{"line":168,"column":8},"end":{"line":168,"column":null}},"86":{"start":{"line":180,"column":4},"end":{"line":180,"column":null}},"87":{"start":{"line":180,"column":25},"end":{"line":180,"column":null}},"88":{"start":{"line":181,"column":4},"end":{"line":189,"column":null}},"89":{"start":{"line":182,"column":6},"end":{"line":182,"column":null}},"90":{"start":{"line":183,"column":6},"end":{"line":183,"column":null}},"91":{"start":{"line":184,"column":6},"end":{"line":184,"column":null}},"92":{"start":{"line":185,"column":6},"end":{"line":185,"column":null}},"93":{"start":{"line":186,"column":6},"end":{"line":186,"column":null}},"94":{"start":{"line":197,"column":21},"end":{"line":199,"column":null}},"95":{"start":{"line":198,"column":22},"end":{"line":198,"column":91}},"96":{"start":{"line":199,"column":21},"end":{"line":199,"column":32}},"97":{"start":{"line":202,"column":4},"end":{"line":208,"column":null}},"98":{"start":{"line":203,"column":6},"end":{"line":203,"column":null}},"99":{"start":{"line":205,"column":6},"end":{"line":207,"column":null}},"100":{"start":{"line":206,"column":20},"end":{"line":206,"column":62}},"101":{"start":{"line":209,"column":4},"end":{"line":209,"column":null}},"102":{"start":{"line":218,"column":4},"end":{"line":218,"column":null}},"103":{"start":{"line":218,"column":56},"end":{"line":218,"column":null}},"104":{"start":{"line":220,"column":17},"end":{"line":220,"column":null}},"105":{"start":{"line":221,"column":17},"end":{"line":221,"column":null}},"106":{"start":{"line":223,"column":4},"end":{"line":244,"column":null}},"107":{"start":{"line":225,"column":8},"end":{"line":225,"column":null}},"108":{"start":{"line":226,"column":8},"end":{"line":226,"column":null}},"109":{"start":{"line":227,"column":8},"end":{"line":227,"column":null}},"110":{"start":{"line":228,"column":8},"end":{"line":228,"column":null}},"111":{"start":{"line":229,"column":8},"end":{"line":229,"column":null}},"112":{"start":{"line":230,"column":8},"end":{"line":230,"column":null}},"113":{"start":{"line":232,"column":8},"end":{"line":232,"column":null}},"114":{"start":{"line":233,"column":8},"end":{"line":233,"column":null}},"115":{"start":{"line":234,"column":8},"end":{"line":234,"column":null}},"116":{"start":{"line":235,"column":8},"end":{"line":235,"column":null}},"117":{"start":{"line":236,"column":8},"end":{"line":236,"column":null}},"118":{"start":{"line":237,"column":8},"end":{"line":237,"column":null}},"119":{"start":{"line":239,"column":8},"end":{"line":239,"column":null}},"120":{"start":{"line":240,"column":8},"end":{"line":240,"column":null}},"121":{"start":{"line":241,"column":8},"end":{"line":241,"column":null}},"122":{"start":{"line":242,"column":8},"end":{"line":242,"column":null}},"123":{"start":{"line":243,"column":8},"end":{"line":243,"column":null}},"124":{"start":{"line":249,"column":17},"end":{"line":249,"column":null}},"125":{"start":{"line":250,"column":20},"end":{"line":250,"column":null}},"126":{"start":{"line":251,"column":4},"end":{"line":251,"column":null}},"127":{"start":{"line":251,"column":43},"end":{"line":251,"column":null}},"128":{"start":{"line":255,"column":4},"end":{"line":255,"column":null}},"129":{"start":{"line":255,"column":43},"end":{"line":255,"column":null}},"130":{"start":{"line":276,"column":4},"end":{"line":276,"column":null}},"131":{"start":{"line":276,"column":24},"end":{"line":276,"column":null}},"132":{"start":{"line":277,"column":4},"end":{"line":277,"column":null}},"133":{"start":{"line":278,"column":4},"end":{"line":278,"column":null}},"134":{"start":{"line":279,"column":4},"end":{"line":279,"column":null}},"135":{"start":{"line":291,"column":4},"end":{"line":291,"column":null}},"136":{"start":{"line":291,"column":24},"end":{"line":291,"column":null}},"137":{"start":{"line":292,"column":4},"end":{"line":292,"column":null}},"138":{"start":{"line":293,"column":4},"end":{"line":293,"column":null}},"139":{"start":{"line":305,"column":4},"end":{"line":305,"column":null}},"140":{"start":{"line":305,"column":24},"end":{"line":305,"column":null}},"141":{"start":{"line":306,"column":4},"end":{"line":306,"column":null}},"142":{"start":{"line":307,"column":4},"end":{"line":307,"column":null}},"143":{"start":{"line":316,"column":4},"end":{"line":316,"column":null}},"144":{"start":{"line":316,"column":24},"end":{"line":316,"column":null}},"145":{"start":{"line":317,"column":4},"end":{"line":317,"column":null}},"146":{"start":{"line":317,"column":33},"end":{"line":317,"column":null}},"147":{"start":{"line":318,"column":4},"end":{"line":318,"column":null}},"148":{"start":{"line":323,"column":4},"end":{"line":323,"column":null}},"149":{"start":{"line":323,"column":24},"end":{"line":323,"column":null}},"150":{"start":{"line":324,"column":4},"end":{"line":324,"column":null}},"151":{"start":{"line":324,"column":33},"end":{"line":324,"column":null}},"152":{"start":{"line":325,"column":4},"end":{"line":325,"column":null}},"153":{"start":{"line":326,"column":4},"end":{"line":326,"column":null}},"154":{"start":{"line":331,"column":4},"end":{"line":331,"column":null}},"155":{"start":{"line":331,"column":24},"end":{"line":331,"column":null}},"156":{"start":{"line":332,"column":4},"end":{"line":332,"column":null}},"157":{"start":{"line":340,"column":4},"end":{"line":340,"column":null}},"158":{"start":{"line":340,"column":24},"end":{"line":340,"column":null}},"159":{"start":{"line":341,"column":4},"end":{"line":341,"column":null}},"160":{"start":{"line":341,"column":42},"end":{"line":341,"column":57}},"161":{"start":{"line":349,"column":4},"end":{"line":349,"column":null}},"162":{"start":{"line":349,"column":24},"end":{"line":349,"column":null}},"163":{"start":{"line":350,"column":4},"end":{"line":350,"column":null}},"164":{"start":{"line":357,"column":4},"end":{"line":357,"column":null}},"165":{"start":{"line":357,"column":24},"end":{"line":357,"column":null}},"166":{"start":{"line":358,"column":4},"end":{"line":358,"column":null}},"167":{"start":{"line":365,"column":4},"end":{"line":365,"column":null}},"168":{"start":{"line":365,"column":24},"end":{"line":365,"column":null}},"169":{"start":{"line":366,"column":4},"end":{"line":366,"column":null}},"170":{"start":{"line":373,"column":4},"end":{"line":373,"column":null}},"171":{"start":{"line":373,"column":24},"end":{"line":373,"column":null}},"172":{"start":{"line":374,"column":4},"end":{"line":374,"column":null}},"173":{"start":{"line":383,"column":4},"end":{"line":383,"column":null}},"174":{"start":{"line":383,"column":24},"end":{"line":383,"column":null}},"175":{"start":{"line":384,"column":4},"end":{"line":384,"column":null}},"176":{"start":{"line":388,"column":4},"end":{"line":388,"column":null}},"177":{"start":{"line":388,"column":24},"end":{"line":388,"column":null}},"178":{"start":{"line":389,"column":4},"end":{"line":389,"column":null}},"179":{"start":{"line":389,"column":31},"end":{"line":389,"column":null}},"180":{"start":{"line":390,"column":4},"end":{"line":390,"column":null}},"181":{"start":{"line":390,"column":47},"end":{"line":390,"column":null}},"182":{"start":{"line":398,"column":4},"end":{"line":398,"column":null}},"183":{"start":{"line":398,"column":24},"end":{"line":398,"column":null}},"184":{"start":{"line":399,"column":4},"end":{"line":399,"column":null}},"185":{"start":{"line":409,"column":4},"end":{"line":409,"column":null}},"186":{"start":{"line":409,"column":24},"end":{"line":409,"column":null}},"187":{"start":{"line":410,"column":4},"end":{"line":410,"column":null}},"188":{"start":{"line":411,"column":4},"end":{"line":411,"column":null}},"189":{"start":{"line":426,"column":4},"end":{"line":426,"column":null}},"190":{"start":{"line":426,"column":24},"end":{"line":426,"column":null}},"191":{"start":{"line":427,"column":4},"end":{"line":427,"column":null}},"192":{"start":{"line":427,"column":44},"end":{"line":427,"column":null}},"193":{"start":{"line":428,"column":27},"end":{"line":428,"column":null}},"194":{"start":{"line":429,"column":4},"end":{"line":429,"column":null}},"195":{"start":{"line":429,"column":32},"end":{"line":429,"column":null}},"196":{"start":{"line":431,"column":17},"end":{"line":431,"column":null}},"197":{"start":{"line":432,"column":4},"end":{"line":432,"column":null}},"198":{"start":{"line":432,"column":36},"end":{"line":432,"column":null}},"199":{"start":{"line":434,"column":4},"end":{"line":437,"column":null}},"200":{"start":{"line":435,"column":6},"end":{"line":435,"column":null}},"201":{"start":{"line":436,"column":6},"end":{"line":436,"column":null}},"202":{"start":{"line":439,"column":4},"end":{"line":439,"column":null}},"203":{"start":{"line":441,"column":4},"end":{"line":494,"column":null}},"204":{"start":{"line":444,"column":38},"end":{"line":444,"column":null}},"205":{"start":{"line":448,"column":32},"end":{"line":448,"column":null}},"206":{"start":{"line":449,"column":6},"end":{"line":456,"column":null}},"207":{"start":{"line":450,"column":8},"end":{"line":450,"column":null}},"208":{"start":{"line":450,"column":28},"end":{"line":450,"column":null}},"209":{"start":{"line":451,"column":20},"end":{"line":451,"column":null}},"210":{"start":{"line":452,"column":8},"end":{"line":452,"column":null}},"211":{"start":{"line":452,"column":18},"end":{"line":452,"column":null}},"212":{"start":{"line":453,"column":8},"end":{"line":455,"column":null}},"213":{"start":{"line":454,"column":10},"end":{"line":454,"column":null}},"214":{"start":{"line":458,"column":43},"end":{"line":473,"column":null}},"215":{"start":{"line":459,"column":20},"end":{"line":459,"column":null}},"216":{"start":{"line":460,"column":14},"end":{"line":460,"column":null}},"217":{"start":{"line":461,"column":23},"end":{"line":461,"column":null}},"218":{"start":{"line":462,"column":23},"end":{"line":462,"column":null}},"219":{"start":{"line":463,"column":8},"end":{"line":463,"column":null}},"220":{"start":{"line":463,"column":30},"end":{"line":463,"column":null}},"221":{"start":{"line":464,"column":8},"end":{"line":464,"column":null}},"222":{"start":{"line":464,"column":30},"end":{"line":464,"column":null}},"223":{"start":{"line":465,"column":21},"end":{"line":465,"column":null}},"224":{"start":{"line":466,"column":8},"end":{"line":472,"column":null}},"225":{"start":{"line":475,"column":6},"end":{"line":483,"column":null}},"226":{"start":{"line":476,"column":14},"end":{"line":476,"column":null}},"227":{"start":{"line":477,"column":8},"end":{"line":477,"column":null}},"228":{"start":{"line":477,"column":45},"end":{"line":477,"column":null}},"229":{"start":{"line":478,"column":8},"end":{"line":482,"column":null}},"230":{"start":{"line":479,"column":10},"end":{"line":481,"column":null}},"231":{"start":{"line":480,"column":30},"end":{"line":480,"column":67}},"232":{"start":{"line":485,"column":6},"end":{"line":493,"column":null}},"233":{"start":{"line":496,"column":4},"end":{"line":498,"column":null}},"234":{"start":{"line":497,"column":6},"end":{"line":497,"column":null}},"235":{"start":{"line":500,"column":4},"end":{"line":500,"column":null}},"236":{"start":{"line":505,"column":4},"end":{"line":505,"column":null}},"237":{"start":{"line":505,"column":24},"end":{"line":505,"column":null}},"238":{"start":{"line":506,"column":4},"end":{"line":506,"column":null}},"239":{"start":{"line":507,"column":4},"end":{"line":510,"column":null}},"240":{"start":{"line":508,"column":6},"end":{"line":508,"column":null}},"241":{"start":{"line":509,"column":6},"end":{"line":509,"column":null}},"242":{"start":{"line":511,"column":4},"end":{"line":511,"column":null}},"243":{"start":{"line":512,"column":4},"end":{"line":512,"column":null}},"244":{"start":{"line":513,"column":4},"end":{"line":513,"column":null}},"245":{"start":{"line":514,"column":4},"end":{"line":514,"column":null}},"246":{"start":{"line":515,"column":4},"end":{"line":515,"column":null}},"247":{"start":{"line":516,"column":4},"end":{"line":516,"column":null}},"248":{"start":{"line":517,"column":4},"end":{"line":517,"column":null}},"249":{"start":{"line":518,"column":4},"end":{"line":518,"column":null}},"250":{"start":{"line":519,"column":4},"end":{"line":519,"column":null}},"251":{"start":{"line":526,"column":16},"end":{"line":526,"column":null}},"252":{"start":{"line":527,"column":27},"end":{"line":527,"column":null}},"253":{"start":{"line":528,"column":4},"end":{"line":528,"column":null}},"254":{"start":{"line":529,"column":4},"end":{"line":529,"column":null}},"255":{"start":{"line":530,"column":4},"end":{"line":530,"column":null}},"256":{"start":{"line":532,"column":4},"end":{"line":532,"column":null}},"257":{"start":{"line":532,"column":33},"end":{"line":532,"column":46}},"258":{"start":{"line":532,"column":49},"end":{"line":532,"column":null}},"259":{"start":{"line":534,"column":4},"end":{"line":534,"column":null}},"260":{"start":{"line":536,"column":4},"end":{"line":536,"column":null}},"261":{"start":{"line":537,"column":4},"end":{"line":537,"column":null}},"262":{"start":{"line":538,"column":4},"end":{"line":540,"column":null}},"263":{"start":{"line":539,"column":6},"end":{"line":539,"column":null}},"264":{"start":{"line":543,"column":61},"end":{"line":543,"column":null}},"265":{"start":{"line":546,"column":4},"end":{"line":551,"column":null}},"266":{"start":{"line":546,"column":17},"end":{"line":546,"column":20}},"267":{"start":{"line":547,"column":6},"end":{"line":547,"column":null}},"268":{"start":{"line":547,"column":33},"end":{"line":547,"column":null}},"269":{"start":{"line":548,"column":20},"end":{"line":548,"column":null}},"270":{"start":{"line":549,"column":6},"end":{"line":549,"column":null}},"271":{"start":{"line":549,"column":29},"end":{"line":549,"column":null}},"272":{"start":{"line":550,"column":6},"end":{"line":550,"column":null}},"273":{"start":{"line":554,"column":4},"end":{"line":584,"column":null}},"274":{"start":{"line":555,"column":6},"end":{"line":561,"column":null}},"275":{"start":{"line":556,"column":8},"end":{"line":559,"column":null}},"276":{"start":{"line":557,"column":20},"end":{"line":557,"column":null}},"277":{"start":{"line":558,"column":10},"end":{"line":558,"column":null}},"278":{"start":{"line":558,"column":27},"end":{"line":558,"column":null}},"279":{"start":{"line":560,"column":8},"end":{"line":560,"column":null}},"280":{"start":{"line":562,"column":39},"end":{"line":562,"column":null}},"281":{"start":{"line":563,"column":109},"end":{"line":563,"column":null}},"282":{"start":{"line":564,"column":6},"end":{"line":575,"column":null}},"283":{"start":{"line":565,"column":18},"end":{"line":565,"column":null}},"284":{"start":{"line":566,"column":8},"end":{"line":566,"column":null}},"285":{"start":{"line":566,"column":27},"end":{"line":566,"column":null}},"286":{"start":{"line":567,"column":20},"end":{"line":567,"column":null}},"287":{"start":{"line":568,"column":8},"end":{"line":568,"column":null}},"288":{"start":{"line":569,"column":8},"end":{"line":574,"column":null}},"289":{"start":{"line":576,"column":6},"end":{"line":581,"column":null}},"290":{"start":{"line":577,"column":8},"end":{"line":579,"column":null}},"291":{"start":{"line":577,"column":21},"end":{"line":577,"column":24}},"292":{"start":{"line":578,"column":10},"end":{"line":578,"column":null}},"293":{"start":{"line":580,"column":8},"end":{"line":580,"column":null}},"294":{"start":{"line":582,"column":12},"end":{"line":582,"column":null}},"295":{"start":{"line":583,"column":6},"end":{"line":583,"column":null}},"296":{"start":{"line":586,"column":4},"end":{"line":586,"column":null}},"297":{"start":{"line":597,"column":16},"end":{"line":597,"column":null}},"298":{"start":{"line":598,"column":32},"end":{"line":604,"column":null}},"299":{"start":{"line":606,"column":4},"end":{"line":606,"column":null}},"300":{"start":{"line":606,"column":18},"end":{"line":606,"column":null}},"301":{"start":{"line":608,"column":10},"end":{"line":608,"column":null}},"302":{"start":{"line":609,"column":19},"end":{"line":609,"column":null}},"303":{"start":{"line":610,"column":19},"end":{"line":610,"column":null}},"304":{"start":{"line":611,"column":4},"end":{"line":611,"column":null}},"305":{"start":{"line":611,"column":26},"end":{"line":611,"column":null}},"306":{"start":{"line":612,"column":4},"end":{"line":612,"column":null}},"307":{"start":{"line":612,"column":26},"end":{"line":612,"column":null}},"308":{"start":{"line":614,"column":34},"end":{"line":620,"column":null}},"309":{"start":{"line":622,"column":4},"end":{"line":622,"column":null}},"310":{"start":{"line":624,"column":4},"end":{"line":624,"column":null}},"311":{"start":{"line":624,"column":18},"end":{"line":624,"column":null}},"312":{"start":{"line":631,"column":4},"end":{"line":631,"column":null}},"313":{"start":{"line":641,"column":19},"end":{"line":641,"column":null}},"314":{"start":{"line":642,"column":20},"end":{"line":642,"column":null}},"315":{"start":{"line":643,"column":4},"end":{"line":651,"column":null}},"316":{"start":{"line":643,"column":17},"end":{"line":643,"column":20}},"317":{"start":{"line":644,"column":6},"end":{"line":644,"column":null}},"318":{"start":{"line":644,"column":60},"end":{"line":644,"column":null}},"319":{"start":{"line":645,"column":16},"end":{"line":645,"column":null}},"320":{"start":{"line":646,"column":6},"end":{"line":650,"column":null}},"321":{"start":{"line":647,"column":18},"end":{"line":647,"column":null}},"322":{"start":{"line":648,"column":8},"end":{"line":648,"column":null}},"323":{"start":{"line":648,"column":20},"end":{"line":648,"column":30}},"324":{"start":{"line":648,"column":30},"end":{"line":648,"column":50}},"325":{"start":{"line":649,"column":8},"end":{"line":649,"column":null}},"326":{"start":{"line":652,"column":4},"end":{"line":654,"column":null}},"327":{"start":{"line":653,"column":6},"end":{"line":653,"column":null}},"328":{"start":{"line":653,"column":27},"end":{"line":653,"column":null}},"329":{"start":{"line":653,"column":50},"end":{"line":653,"column":null}},"330":{"start":{"line":655,"column":4},"end":{"line":655,"column":null}},"331":{"start":{"line":663,"column":4},"end":{"line":663,"column":null}},"332":{"start":{"line":675,"column":19},"end":{"line":675,"column":null}},"333":{"start":{"line":676,"column":20},"end":{"line":676,"column":null}},"334":{"start":{"line":677,"column":4},"end":{"line":684,"column":null}},"335":{"start":{"line":677,"column":17},"end":{"line":677,"column":20}},"336":{"start":{"line":678,"column":16},"end":{"line":678,"column":null}},"337":{"start":{"line":679,"column":6},"end":{"line":683,"column":null}},"338":{"start":{"line":680,"column":18},"end":{"line":680,"column":null}},"339":{"start":{"line":681,"column":8},"end":{"line":681,"column":null}},"340":{"start":{"line":681,"column":20},"end":{"line":681,"column":30}},"341":{"start":{"line":681,"column":30},"end":{"line":681,"column":50}},"342":{"start":{"line":682,"column":8},"end":{"line":682,"column":null}},"343":{"start":{"line":685,"column":4},"end":{"line":687,"column":null}},"344":{"start":{"line":686,"column":6},"end":{"line":686,"column":null}},"345":{"start":{"line":686,"column":27},"end":{"line":686,"column":null}},"346":{"start":{"line":686,"column":50},"end":{"line":686,"column":null}},"347":{"start":{"line":688,"column":4},"end":{"line":688,"column":null}},"348":{"start":{"line":696,"column":18},"end":{"line":696,"column":null}},"349":{"start":{"line":697,"column":14},"end":{"line":697,"column":null}},"350":{"start":{"line":698,"column":4},"end":{"line":698,"column":null}},"351":{"start":{"line":698,"column":17},"end":{"line":698,"column":null}},"352":{"start":{"line":699,"column":20},"end":{"line":699,"column":null}},"353":{"start":{"line":700,"column":4},"end":{"line":709,"column":null}},"354":{"start":{"line":701,"column":16},"end":{"line":701,"column":null}},"355":{"start":{"line":702,"column":14},"end":{"line":702,"column":null}},"356":{"start":{"line":703,"column":19},"end":{"line":703,"column":null}},"357":{"start":{"line":704,"column":6},"end":{"line":708,"column":null}},"358":{"start":{"line":704,"column":19},"end":{"line":704,"column":22}},"359":{"start":{"line":705,"column":8},"end":{"line":705,"column":null}},"360":{"start":{"line":706,"column":8},"end":{"line":707,"column":null}},"361":{"start":{"line":706,"column":30},"end":{"line":706,"column":37}},"362":{"start":{"line":706,"column":37},"end":{"line":706,"column":53}},"363":{"start":{"line":707,"column":13},"end":{"line":707,"column":null}},"364":{"start":{"line":710,"column":4},"end":{"line":710,"column":null}},"365":{"start":{"line":731,"column":4},"end":{"line":731,"column":null}},"366":{"start":{"line":731,"column":33},"end":{"line":731,"column":46}},"367":{"start":{"line":731,"column":49},"end":{"line":731,"column":null}},"368":{"start":{"line":733,"column":21},"end":{"line":733,"column":null}},"369":{"start":{"line":734,"column":21},"end":{"line":734,"column":null}},"370":{"start":{"line":735,"column":19},"end":{"line":735,"column":null}},"371":{"start":{"line":736,"column":22},"end":{"line":736,"column":null}},"372":{"start":{"line":736,"column":46},"end":{"line":736,"column":54}},"373":{"start":{"line":738,"column":10},"end":{"line":748,"column":null}},"374":{"start":{"line":739,"column":6},"end":{"line":739,"column":null}},"375":{"start":{"line":739,"column":19},"end":{"line":739,"column":null}},"376":{"start":{"line":740,"column":6},"end":{"line":743,"column":null}},"377":{"start":{"line":741,"column":8},"end":{"line":741,"column":null}},"378":{"start":{"line":742,"column":8},"end":{"line":742,"column":null}},"379":{"start":{"line":744,"column":6},"end":{"line":747,"column":null}},"380":{"start":{"line":745,"column":8},"end":{"line":745,"column":null}},"381":{"start":{"line":746,"column":8},"end":{"line":746,"column":null}},"382":{"start":{"line":753,"column":4},"end":{"line":759,"column":null}},"383":{"start":{"line":754,"column":6},"end":{"line":754,"column":null}},"384":{"start":{"line":755,"column":6},"end":{"line":755,"column":null}},"385":{"start":{"line":755,"column":29},"end":{"line":755,"column":null}},"386":{"start":{"line":756,"column":6},"end":{"line":756,"column":null}},"387":{"start":{"line":757,"column":6},"end":{"line":757,"column":null}},"388":{"start":{"line":758,"column":6},"end":{"line":758,"column":null}},"389":{"start":{"line":761,"column":4},"end":{"line":769,"column":null}},"390":{"start":{"line":763,"column":6},"end":{"line":763,"column":null}},"391":{"start":{"line":764,"column":6},"end":{"line":764,"column":null}},"392":{"start":{"line":764,"column":29},"end":{"line":764,"column":null}},"393":{"start":{"line":765,"column":6},"end":{"line":765,"column":null}},"394":{"start":{"line":766,"column":6},"end":{"line":766,"column":null}},"395":{"start":{"line":767,"column":6},"end":{"line":767,"column":null}},"396":{"start":{"line":768,"column":6},"end":{"line":768,"column":null}},"397":{"start":{"line":772,"column":4},"end":{"line":772,"column":null}},"398":{"start":{"line":773,"column":4},"end":{"line":773,"column":null}},"399":{"start":{"line":773,"column":16},"end":{"line":773,"column":null}},"400":{"start":{"line":774,"column":4},"end":{"line":774,"column":null}},"401":{"start":{"line":775,"column":4},"end":{"line":775,"column":null}},"402":{"start":{"line":775,"column":27},"end":{"line":775,"column":null}},"403":{"start":{"line":784,"column":4},"end":{"line":784,"column":null}},"404":{"start":{"line":785,"column":4},"end":{"line":785,"column":null}},"405":{"start":{"line":786,"column":4},"end":{"line":786,"column":null}},"406":{"start":{"line":787,"column":4},"end":{"line":787,"column":null}},"407":{"start":{"line":789,"column":32},"end":{"line":789,"column":null}},"408":{"start":{"line":792,"column":4},"end":{"line":810,"column":null}},"409":{"start":{"line":793,"column":6},"end":{"line":793,"column":null}},"410":{"start":{"line":793,"column":26},"end":{"line":793,"column":null}},"411":{"start":{"line":794,"column":18},"end":{"line":794,"column":null}},"412":{"start":{"line":795,"column":6},"end":{"line":795,"column":null}},"413":{"start":{"line":795,"column":16},"end":{"line":795,"column":null}},"414":{"start":{"line":796,"column":17},"end":{"line":796,"column":null}},"415":{"start":{"line":797,"column":17},"end":{"line":797,"column":null}},"416":{"start":{"line":799,"column":6},"end":{"line":803,"column":null}},"417":{"start":{"line":800,"column":18},"end":{"line":800,"column":null}},"418":{"start":{"line":801,"column":8},"end":{"line":801,"column":null}},"419":{"start":{"line":801,"column":29},"end":{"line":801,"column":null}},"420":{"start":{"line":802,"column":8},"end":{"line":802,"column":null}},"421":{"start":{"line":802,"column":29},"end":{"line":802,"column":null}},"422":{"start":{"line":804,"column":6},"end":{"line":807,"column":null}},"423":{"start":{"line":804,"column":19},"end":{"line":804,"column":22}},"424":{"start":{"line":805,"column":8},"end":{"line":805,"column":null}},"425":{"start":{"line":805,"column":27},"end":{"line":805,"column":null}},"426":{"start":{"line":806,"column":8},"end":{"line":806,"column":null}},"427":{"start":{"line":806,"column":27},"end":{"line":806,"column":null}},"428":{"start":{"line":808,"column":6},"end":{"line":808,"column":null}},"429":{"start":{"line":808,"column":25},"end":{"line":808,"column":null}},"430":{"start":{"line":809,"column":6},"end":{"line":809,"column":null}},"431":{"start":{"line":809,"column":25},"end":{"line":809,"column":null}},"432":{"start":{"line":813,"column":4},"end":{"line":822,"column":null}},"433":{"start":{"line":813,"column":17},"end":{"line":813,"column":20}},"434":{"start":{"line":814,"column":6},"end":{"line":814,"column":null}},"435":{"start":{"line":814,"column":26},"end":{"line":814,"column":null}},"436":{"start":{"line":815,"column":16},"end":{"line":815,"column":null}},"437":{"start":{"line":816,"column":6},"end":{"line":816,"column":null}},"438":{"start":{"line":816,"column":25},"end":{"line":816,"column":null}},"439":{"start":{"line":817,"column":6},"end":{"line":817,"column":null}},"440":{"start":{"line":817,"column":60},"end":{"line":817,"column":null}},"441":{"start":{"line":818,"column":6},"end":{"line":818,"column":null}},"442":{"start":{"line":818,"column":27},"end":{"line":818,"column":null}},"443":{"start":{"line":819,"column":6},"end":{"line":819,"column":null}},"444":{"start":{"line":819,"column":27},"end":{"line":819,"column":null}},"445":{"start":{"line":820,"column":6},"end":{"line":820,"column":null}},"446":{"start":{"line":820,"column":27},"end":{"line":820,"column":null}},"447":{"start":{"line":821,"column":6},"end":{"line":821,"column":null}},"448":{"start":{"line":821,"column":27},"end":{"line":821,"column":null}},"449":{"start":{"line":825,"column":4},"end":{"line":829,"column":null}},"450":{"start":{"line":826,"column":12},"end":{"line":826,"column":null}},"451":{"start":{"line":827,"column":6},"end":{"line":827,"column":null}},"452":{"start":{"line":828,"column":6},"end":{"line":828,"column":null}},"453":{"start":{"line":833,"column":15},"end":{"line":833,"column":null}},"454":{"start":{"line":834,"column":32},"end":{"line":834,"column":null}},"455":{"start":{"line":835,"column":18},"end":{"line":835,"column":null}},"456":{"start":{"line":838,"column":4},"end":{"line":850,"column":null}},"457":{"start":{"line":839,"column":6},"end":{"line":839,"column":null}},"458":{"start":{"line":839,"column":26},"end":{"line":839,"column":null}},"459":{"start":{"line":840,"column":18},"end":{"line":840,"column":null}},"460":{"start":{"line":841,"column":6},"end":{"line":841,"column":null}},"461":{"start":{"line":841,"column":16},"end":{"line":841,"column":null}},"462":{"start":{"line":842,"column":19},"end":{"line":842,"column":null}},"463":{"start":{"line":843,"column":19},"end":{"line":843,"column":null}},"464":{"start":{"line":844,"column":6},"end":{"line":847,"column":null}},"465":{"start":{"line":844,"column":19},"end":{"line":844,"column":22}},"466":{"start":{"line":845,"column":8},"end":{"line":845,"column":null}},"467":{"start":{"line":845,"column":29},"end":{"line":845,"column":null}},"468":{"start":{"line":846,"column":8},"end":{"line":846,"column":null}},"469":{"start":{"line":846,"column":29},"end":{"line":846,"column":null}},"470":{"start":{"line":848,"column":6},"end":{"line":848,"column":null}},"471":{"start":{"line":848,"column":29},"end":{"line":848,"column":57}},"472":{"start":{"line":848,"column":57},"end":{"line":848,"column":73}},"473":{"start":{"line":849,"column":6},"end":{"line":849,"column":null}},"474":{"start":{"line":849,"column":29},"end":{"line":849,"column":57}},"475":{"start":{"line":849,"column":57},"end":{"line":849,"column":73}},"476":{"start":{"line":853,"column":4},"end":{"line":860,"column":null}},"477":{"start":{"line":853,"column":17},"end":{"line":853,"column":20}},"478":{"start":{"line":854,"column":6},"end":{"line":854,"column":null}},"479":{"start":{"line":854,"column":26},"end":{"line":854,"column":null}},"480":{"start":{"line":855,"column":16},"end":{"line":855,"column":null}},"481":{"start":{"line":856,"column":6},"end":{"line":856,"column":null}},"482":{"start":{"line":856,"column":25},"end":{"line":856,"column":null}},"483":{"start":{"line":857,"column":6},"end":{"line":857,"column":null}},"484":{"start":{"line":857,"column":60},"end":{"line":857,"column":null}},"485":{"start":{"line":858,"column":6},"end":{"line":858,"column":null}},"486":{"start":{"line":858,"column":29},"end":{"line":858,"column":57}},"487":{"start":{"line":858,"column":57},"end":{"line":858,"column":73}},"488":{"start":{"line":859,"column":6},"end":{"line":859,"column":null}},"489":{"start":{"line":859,"column":29},"end":{"line":859,"column":57}},"490":{"start":{"line":859,"column":57},"end":{"line":859,"column":73}},"491":{"start":{"line":862,"column":4},"end":{"line":872,"column":null}},"492":{"start":{"line":863,"column":6},"end":{"line":863,"column":null}},"493":{"start":{"line":864,"column":6},"end":{"line":864,"column":null}},"494":{"start":{"line":865,"column":6},"end":{"line":871,"column":null}},"495":{"start":{"line":865,"column":19},"end":{"line":865,"column":22}},"496":{"start":{"line":866,"column":18},"end":{"line":866,"column":null}},"497":{"start":{"line":867,"column":8},"end":{"line":867,"column":null}},"498":{"start":{"line":867,"column":27},"end":{"line":867,"column":null}},"499":{"start":{"line":868,"column":8},"end":{"line":868,"column":null}},"500":{"start":{"line":868,"column":62},"end":{"line":868,"column":null}},"501":{"start":{"line":869,"column":8},"end":{"line":869,"column":null}},"502":{"start":{"line":869,"column":29},"end":{"line":869,"column":null}},"503":{"start":{"line":870,"column":8},"end":{"line":870,"column":null}},"504":{"start":{"line":870,"column":29},"end":{"line":870,"column":null}},"505":{"start":{"line":880,"column":15},"end":{"line":880,"column":null}},"506":{"start":{"line":881,"column":15},"end":{"line":881,"column":null}},"507":{"start":{"line":882,"column":4},"end":{"line":886,"column":null}},"508":{"start":{"line":883,"column":6},"end":{"line":883,"column":null}},"509":{"start":{"line":883,"column":25},"end":{"line":883,"column":null}},"510":{"start":{"line":884,"column":6},"end":{"line":884,"column":null}},"511":{"start":{"line":884,"column":25},"end":{"line":884,"column":null}},"512":{"start":{"line":885,"column":6},"end":{"line":885,"column":null}},"513":{"start":{"line":885,"column":25},"end":{"line":885,"column":null}},"514":{"start":{"line":887,"column":4},"end":{"line":892,"column":null}},"515":{"start":{"line":888,"column":6},"end":{"line":888,"column":null}},"516":{"start":{"line":889,"column":6},"end":{"line":889,"column":null}},"517":{"start":{"line":890,"column":6},"end":{"line":890,"column":null}},"518":{"start":{"line":891,"column":6},"end":{"line":891,"column":null}},"519":{"start":{"line":897,"column":29},"end":{"line":897,"column":null}},"520":{"start":{"line":898,"column":4},"end":{"line":903,"column":null}},"521":{"start":{"line":908,"column":4},"end":{"line":908,"column":null}},"522":{"start":{"line":909,"column":4},"end":{"line":909,"column":null}},"523":{"start":{"line":909,"column":49},"end":{"line":909,"column":null}},"524":{"start":{"line":910,"column":4},"end":{"line":910,"column":null}},"525":{"start":{"line":910,"column":27},"end":{"line":910,"column":null}},"526":{"start":{"line":911,"column":4},"end":{"line":914,"column":null}},"527":{"start":{"line":912,"column":6},"end":{"line":912,"column":null}},"528":{"start":{"line":913,"column":6},"end":{"line":913,"column":null}},"529":{"start":{"line":918,"column":14},"end":{"line":918,"column":null}},"530":{"start":{"line":919,"column":4},"end":{"line":919,"column":null}},"531":{"start":{"line":919,"column":12},"end":{"line":919,"column":null}},"532":{"start":{"line":920,"column":4},"end":{"line":920,"column":null}},"533":{"start":{"line":924,"column":17},"end":{"line":924,"column":null}},"534":{"start":{"line":925,"column":4},"end":{"line":925,"column":null}},"535":{"start":{"line":926,"column":4},"end":{"line":926,"column":null}},"536":{"start":{"line":927,"column":4},"end":{"line":927,"column":null}},"537":{"start":{"line":931,"column":4},"end":{"line":931,"column":null}},"538":{"start":{"line":932,"column":4},"end":{"line":932,"column":null}},"539":{"start":{"line":936,"column":4},"end":{"line":936,"column":null}},"540":{"start":{"line":937,"column":4},"end":{"line":937,"column":null}},"541":{"start":{"line":938,"column":4},"end":{"line":938,"column":null}},"542":{"start":{"line":939,"column":4},"end":{"line":939,"column":null}},"543":{"start":{"line":940,"column":4},"end":{"line":940,"column":null}},"544":{"start":{"line":944,"column":4},"end":{"line":947,"column":null}},"545":{"start":{"line":945,"column":6},"end":{"line":945,"column":null}},"546":{"start":{"line":946,"column":6},"end":{"line":946,"column":null}},"547":{"start":{"line":951,"column":17},"end":{"line":951,"column":null}},"548":{"start":{"line":952,"column":4},"end":{"line":952,"column":null}},"549":{"start":{"line":953,"column":4},"end":{"line":953,"column":null}},"550":{"start":{"line":954,"column":4},"end":{"line":954,"column":null}},"551":{"start":{"line":955,"column":4},"end":{"line":955,"column":null}},"552":{"start":{"line":956,"column":4},"end":{"line":956,"column":null}},"553":{"start":{"line":960,"column":4},"end":{"line":960,"column":null}},"554":{"start":{"line":961,"column":4},"end":{"line":961,"column":null}},"555":{"start":{"line":962,"column":4},"end":{"line":962,"column":null}}},"fnMap":{"0":{"name":"(anonymous_0)","decl":{"start":{"line":66,"column":19},"end":{"line":66,"column":40}},"loc":{"start":{"line":66,"column":40},"end":{"line":66,"column":null}},"line":66},"1":{"name":"(anonymous_1)","decl":{"start":{"line":67,"column":19},"end":{"line":67,"column":38}},"loc":{"start":{"line":67,"column":56},"end":{"line":67,"column":null}},"line":67},"2":{"name":"(anonymous_2)","decl":{"start":{"line":68,"column":19},"end":{"line":68,"column":44}},"loc":{"start":{"line":68,"column":44},"end":{"line":68,"column":null}},"line":68},"3":{"name":"(anonymous_3)","decl":{"start":{"line":69,"column":19},"end":{"line":69,"column":36}},"loc":{"start":{"line":69,"column":57},"end":{"line":69,"column":null}},"line":69},"4":{"name":"constructor","decl":{"start":{"line":71,"column":2},"end":{"line":71,"column":14}},"loc":{"start":{"line":71,"column":59},"end":{"line":108,"column":null}},"line":71},"5":{"name":"(anonymous_5)","decl":{"start":{"line":82,"column":37},"end":{"line":82,"column":47}},"loc":{"start":{"line":82,"column":47},"end":{"line":82,"column":64}},"line":82},"6":{"name":"(anonymous_6)","decl":{"start":{"line":83,"column":43},"end":{"line":83,"column":49}},"loc":{"start":{"line":83,"column":55},"end":{"line":83,"column":74}},"line":83},"7":{"name":"validateOpts","decl":{"start":{"line":114,"column":2},"end":{"line":114,"column":10}},"loc":{"start":{"line":114,"column":31},"end":{"line":143,"column":null}},"line":114},"8":{"name":"(anonymous_8)","decl":{"start":{"line":123,"column":12},"end":{"line":123,"column":18}},"loc":{"start":{"line":123,"column":24},"end":{"line":123,"column":29}},"line":123},"9":{"name":"(anonymous_9)","decl":{"start":{"line":125,"column":30},"end":{"line":125,"column":35}},"loc":{"start":{"line":125,"column":41},"end":{"line":125,"column":55}},"line":125},"10":{"name":"applySystemTheme","decl":{"start":{"line":151,"column":2},"end":{"line":151,"column":10}},"loc":{"start":{"line":151,"column":35},"end":{"line":173,"column":null}},"line":151},"11":{"name":"ensureLiveRegion","decl":{"start":{"line":179,"column":2},"end":{"line":179,"column":10}},"loc":{"start":{"line":179,"column":35},"end":{"line":190,"column":null}},"line":179},"12":{"name":"updateAriaLabel","decl":{"start":{"line":196,"column":2},"end":{"line":196,"column":10}},"loc":{"start":{"line":196,"column":34},"end":{"line":210,"column":null}},"line":196},"13":{"name":"(anonymous_13)","decl":{"start":{"line":198,"column":7},"end":{"line":198,"column":12}},"loc":{"start":{"line":198,"column":22},"end":{"line":198,"column":91}},"line":198},"14":{"name":"(anonymous_14)","decl":{"start":{"line":199,"column":7},"end":{"line":199,"column":15}},"loc":{"start":{"line":199,"column":21},"end":{"line":199,"column":32}},"line":199},"15":{"name":"(anonymous_15)","decl":{"start":{"line":206,"column":9},"end":{"line":206,"column":14}},"loc":{"start":{"line":206,"column":20},"end":{"line":206,"column":62}},"line":206},"16":{"name":"onKeyDown","decl":{"start":{"line":217,"column":2},"end":{"line":217,"column":10}},"loc":{"start":{"line":217,"column":44},"end":{"line":245,"column":null}},"line":217},"17":{"name":"notifySyncCrosshair","decl":{"start":{"line":248,"column":2},"end":{"line":248,"column":10}},"loc":{"start":{"line":248,"column":38},"end":{"line":252,"column":null}},"line":248},"18":{"name":"notifySyncCrosshairLeave","decl":{"start":{"line":254,"column":2},"end":{"line":254,"column":10}},"loc":{"start":{"line":254,"column":43},"end":{"line":256,"column":null}},"line":254},"19":{"name":"setData","decl":{"start":{"line":275,"column":2},"end":{"line":275,"column":10}},"loc":{"start":{"line":275,"column":99},"end":{"line":280,"column":null}},"line":275},"20":{"name":"append","decl":{"start":{"line":290,"column":2},"end":{"line":290,"column":9}},"loc":{"start":{"line":290,"column":52},"end":{"line":294,"column":null}},"line":290},"21":{"name":"appendBatch","decl":{"start":{"line":304,"column":2},"end":{"line":304,"column":14}},"loc":{"start":{"line":304,"column":81},"end":{"line":308,"column":null}},"line":304},"22":{"name":"setMaxPoints","decl":{"start":{"line":315,"column":2},"end":{"line":315,"column":15}},"loc":{"start":{"line":315,"column":40},"end":{"line":319,"column":null}},"line":315},"23":{"name":"clear","decl":{"start":{"line":322,"column":2},"end":{"line":322,"column":16}},"loc":{"start":{"line":322,"column":16},"end":{"line":327,"column":null}},"line":322},"24":{"name":"seriesCount","decl":{"start":{"line":330,"column":6},"end":{"line":330,"column":28}},"loc":{"start":{"line":330,"column":28},"end":{"line":333,"column":null}},"line":330},"25":{"name":"renderedPointCount","decl":{"start":{"line":339,"column":6},"end":{"line":339,"column":35}},"loc":{"start":{"line":339,"column":35},"end":{"line":342,"column":null}},"line":339},"26":{"name":"(anonymous_26)","decl":{"start":{"line":341,"column":23},"end":{"line":341,"column":31}},"loc":{"start":{"line":341,"column":42},"end":{"line":341,"column":57}},"line":341},"27":{"name":"pointCount","decl":{"start":{"line":348,"column":2},"end":{"line":348,"column":13}},"loc":{"start":{"line":348,"column":36},"end":{"line":351,"column":null}},"line":348},"28":{"name":"extentMin","decl":{"start":{"line":356,"column":2},"end":{"line":356,"column":12}},"loc":{"start":{"line":356,"column":35},"end":{"line":359,"column":null}},"line":356},"29":{"name":"extentMax","decl":{"start":{"line":364,"column":2},"end":{"line":364,"column":12}},"loc":{"start":{"line":364,"column":35},"end":{"line":367,"column":null}},"line":364},"30":{"name":"lastValue","decl":{"start":{"line":372,"column":2},"end":{"line":372,"column":12}},"loc":{"start":{"line":372,"column":35},"end":{"line":375,"column":null}},"line":372},"31":{"name":"suspendDraw","decl":{"start":{"line":382,"column":2},"end":{"line":382,"column":22}},"loc":{"start":{"line":382,"column":22},"end":{"line":385,"column":null}},"line":382},"32":{"name":"resumeDraw","decl":{"start":{"line":387,"column":2},"end":{"line":387,"column":21}},"loc":{"start":{"line":387,"column":21},"end":{"line":391,"column":null}},"line":387},"33":{"name":"toImage","decl":{"start":{"line":397,"column":2},"end":{"line":397,"column":20}},"loc":{"start":{"line":397,"column":20},"end":{"line":400,"column":null}},"line":397},"34":{"name":"sync","decl":{"start":{"line":408,"column":2},"end":{"line":408,"column":7}},"loc":{"start":{"line":408,"column":31},"end":{"line":412,"column":null}},"line":408},"35":{"name":"draw","decl":{"start":{"line":425,"column":2},"end":{"line":425,"column":15}},"loc":{"start":{"line":425,"column":15},"end":{"line":501,"column":null}},"line":425},"36":{"name":"(anonymous_36)","decl":{"start":{"line":458,"column":55},"end":{"line":458,"column":60}},"loc":{"start":{"line":458,"column":73},"end":{"line":473,"column":7}},"line":458},"37":{"name":"(anonymous_37)","decl":{"start":{"line":480,"column":19},"end":{"line":480,"column":24}},"loc":{"start":{"line":480,"column":30},"end":{"line":480,"column":67}},"line":480},"38":{"name":"destroy","decl":{"start":{"line":504,"column":2},"end":{"line":504,"column":18}},"loc":{"start":{"line":504,"column":18},"end":{"line":520,"column":null}},"line":504},"39":{"name":"renderStatic","decl":{"start":{"line":525,"column":2},"end":{"line":525,"column":10}},"loc":{"start":{"line":525,"column":45},"end":{"line":587,"column":null}},"line":525},"40":{"name":"(anonymous_40)","decl":{"start":{"line":532,"column":20},"end":{"line":532,"column":27}},"loc":{"start":{"line":532,"column":33},"end":{"line":532,"column":46}},"line":532},"41":{"name":"renderOne","decl":{"start":{"line":590,"column":2},"end":{"line":590,"column":10}},"loc":{"start":{"line":596,"column":10},"end":{"line":625,"column":null}},"line":596},"42":{"name":"detectStackGroupsOnAxis","decl":{"start":{"line":628,"column":2},"end":{"line":628,"column":10}},"loc":{"start":{"line":630,"column":61},"end":{"line":632,"column":null}},"line":630},"43":{"name":"computeStackGroupsOnAxis","decl":{"start":{"line":638,"column":2},"end":{"line":638,"column":10}},"loc":{"start":{"line":640,"column":61},"end":{"line":656,"column":null}},"line":640},"44":{"name":"detectAllStackGroups","decl":{"start":{"line":659,"column":2},"end":{"line":659,"column":10}},"loc":{"start":{"line":662,"column":4},"end":{"line":664,"column":null}},"line":662},"45":{"name":"computeAllStackGroups","decl":{"start":{"line":671,"column":2},"end":{"line":671,"column":10}},"loc":{"start":{"line":674,"column":4},"end":{"line":689,"column":null}},"line":674},"46":{"name":"accumulateStackGroup","decl":{"start":{"line":695,"column":2},"end":{"line":695,"column":10}},"loc":{"start":{"line":695,"column":71},"end":{"line":711,"column":null}},"line":695},"47":{"name":"updateGridDomain","decl":{"start":{"line":730,"column":2},"end":{"line":730,"column":10}},"loc":{"start":{"line":730,"column":35},"end":{"line":776,"column":null}},"line":730},"48":{"name":"(anonymous_48)","decl":{"start":{"line":731,"column":20},"end":{"line":731,"column":27}},"loc":{"start":{"line":731,"column":33},"end":{"line":731,"column":46}},"line":731},"49":{"name":"(anonymous_49)","decl":{"start":{"line":736,"column":34},"end":{"line":736,"column":40}},"loc":{"start":{"line":736,"column":46},"end":{"line":736,"column":54}},"line":736},"50":{"name":"(anonymous_50)","decl":{"start":{"line":738,"column":10},"end":{"line":738,"column":34}},"loc":{"start":{"line":738,"column":34},"end":{"line":748,"column":null}},"line":738},"51":{"name":"initDomain","decl":{"start":{"line":783,"column":2},"end":{"line":783,"column":10}},"loc":{"start":{"line":783,"column":74},"end":{"line":830,"column":null}},"line":783},"52":{"name":"expandDomain","decl":{"start":{"line":832,"column":2},"end":{"line":832,"column":10}},"loc":{"start":{"line":832,"column":64},"end":{"line":873,"column":null}},"line":832},"53":{"name":"refreshXDomain","decl":{"start":{"line":879,"column":2},"end":{"line":879,"column":10}},"loc":{"start":{"line":879,"column":33},"end":{"line":893,"column":null}},"line":879},"54":{"name":"plotRect","decl":{"start":{"line":896,"column":2},"end":{"line":896,"column":10}},"loc":{"start":{"line":896,"column":31},"end":{"line":904,"column":null}},"line":896},"55":{"name":"invalidate","decl":{"start":{"line":907,"column":2},"end":{"line":907,"column":10}},"loc":{"start":{"line":907,"column":29},"end":{"line":915,"column":null}},"line":907},"56":{"name":"(anonymous_56)","decl":{"start":{"line":911,"column":24},"end":{"line":911,"column":52}},"loc":{"start":{"line":911,"column":52},"end":{"line":914,"column":5}},"line":911},"57":{"name":"storeAt","decl":{"start":{"line":917,"column":2},"end":{"line":917,"column":10}},"loc":{"start":{"line":917,"column":46},"end":{"line":921,"column":null}},"line":917},"58":{"name":"injectCursor","decl":{"start":{"line":923,"column":2},"end":{"line":923,"column":10}},"loc":{"start":{"line":923,"column":46},"end":{"line":928,"column":null}},"line":923},"59":{"name":"injectCursorLeave","decl":{"start":{"line":930,"column":2},"end":{"line":930,"column":10}},"loc":{"start":{"line":930,"column":36},"end":{"line":933,"column":null}},"line":930},"60":{"name":"attachEvents","decl":{"start":{"line":935,"column":2},"end":{"line":935,"column":10}},"loc":{"start":{"line":935,"column":31},"end":{"line":941,"column":null}},"line":935},"61":{"name":"onResize","decl":{"start":{"line":943,"column":2},"end":{"line":943,"column":10}},"loc":{"start":{"line":943,"column":27},"end":{"line":948,"column":null}},"line":943},"62":{"name":"onMouseMove","decl":{"start":{"line":950,"column":2},"end":{"line":950,"column":10}},"loc":{"start":{"line":950,"column":43},"end":{"line":957,"column":null}},"line":950},"63":{"name":"onMouseLeave","decl":{"start":{"line":959,"column":2},"end":{"line":959,"column":10}},"loc":{"start":{"line":959,"column":31},"end":{"line":963,"column":null}},"line":959}},"branchMap":{"0":{"loc":{"start":{"line":76,"column":6},"end":{"line":76,"column":null}},"type":"cond-expr","locations":[{"start":{"line":76,"column":36},"end":{"line":76,"column":55}},{"start":{"line":76,"column":55},"end":{"line":76,"column":null}}],"line":76},"1":{"loc":{"start":{"line":92,"column":4},"end":{"line":94,"column":null}},"type":"if","locations":[{"start":{"line":92,"column":4},"end":{"line":94,"column":null}},{"start":{},"end":{}}],"line":92},"2":{"loc":{"start":{"line":92,"column":8},"end":{"line":92,"column":55}},"type":"binary-expr","locations":[{"start":{"line":92,"column":8},"end":{"line":92,"column":35}},{"start":{"line":92,"column":35},"end":{"line":92,"column":55}}],"line":92},"3":{"loc":{"start":{"line":96,"column":4},"end":{"line":102,"column":null}},"type":"if","locations":[{"start":{"line":96,"column":4},"end":{"line":102,"column":null}},{"start":{},"end":{}}],"line":96},"4":{"loc":{"start":{"line":96,"column":8},"end":{"line":96,"column":54}},"type":"binary-expr","locations":[{"start":{"line":96,"column":8},"end":{"line":96,"column":32}},{"start":{"line":96,"column":32},"end":{"line":96,"column":54}}],"line":96},"5":{"loc":{"start":{"line":115,"column":4},"end":{"line":118,"column":null}},"type":"if","locations":[{"start":{"line":115,"column":4},"end":{"line":118,"column":null}},{"start":{},"end":{}}],"line":115},"6":{"loc":{"start":{"line":119,"column":4},"end":{"line":121,"column":null}},"type":"if","locations":[{"start":{"line":119,"column":4},"end":{"line":121,"column":null}},{"start":{},"end":{}}],"line":119},"7":{"loc":{"start":{"line":123,"column":4},"end":{"line":126,"column":null}},"type":"if","locations":[{"start":{"line":123,"column":4},"end":{"line":126,"column":null}},{"start":{},"end":{}}],"line":123},"8":{"loc":{"start":{"line":127,"column":4},"end":{"line":130,"column":null}},"type":"if","locations":[{"start":{"line":127,"column":4},"end":{"line":130,"column":null}},{"start":{},"end":{}}],"line":127},"9":{"loc":{"start":{"line":127,"column":8},"end":{"line":127,"column":86}},"type":"binary-expr","locations":[{"start":{"line":127,"column":8},"end":{"line":127,"column":30}},{"start":{"line":127,"column":30},"end":{"line":127,"column":52}},{"start":{"line":127,"column":52},"end":{"line":127,"column":86}}],"line":127},"10":{"loc":{"start":{"line":134,"column":6},"end":{"line":137,"column":null}},"type":"if","locations":[{"start":{"line":134,"column":6},"end":{"line":137,"column":null}},{"start":{},"end":{}}],"line":134},"11":{"loc":{"start":{"line":134,"column":10},"end":{"line":134,"column":43}},"type":"binary-expr","locations":[{"start":{"line":134,"column":10},"end":{"line":134,"column":21}},{"start":{"line":134,"column":21},"end":{"line":134,"column":43}}],"line":134},"12":{"loc":{"start":{"line":138,"column":6},"end":{"line":141,"column":null}},"type":"if","locations":[{"start":{"line":138,"column":6},"end":{"line":141,"column":null}},{"start":{},"end":{}}],"line":138},"13":{"loc":{"start":{"line":138,"column":10},"end":{"line":138,"column":64}},"type":"binary-expr","locations":[{"start":{"line":138,"column":10},"end":{"line":138,"column":21}},{"start":{"line":138,"column":21},"end":{"line":138,"column":43}},{"start":{"line":138,"column":43},"end":{"line":138,"column":64}}],"line":138},"14":{"loc":{"start":{"line":154,"column":6},"end":{"line":154,"column":null}},"type":"if","locations":[{"start":{"line":154,"column":6},"end":{"line":154,"column":null}},{"start":{},"end":{}}],"line":154},"15":{"loc":{"start":{"line":157,"column":6},"end":{"line":160,"column":null}},"type":"if","locations":[{"start":{"line":157,"column":6},"end":{"line":160,"column":null}},{"start":{},"end":{}}],"line":157},"16":{"loc":{"start":{"line":158,"column":8},"end":{"line":158,"column":null}},"type":"if","locations":[{"start":{"line":158,"column":8},"end":{"line":158,"column":null}},{"start":{},"end":{}}],"line":158},"17":{"loc":{"start":{"line":159,"column":8},"end":{"line":159,"column":null}},"type":"if","locations":[{"start":{"line":159,"column":8},"end":{"line":159,"column":null}},{"start":{},"end":{}}],"line":159},"18":{"loc":{"start":{"line":163,"column":6},"end":{"line":169,"column":null}},"type":"if","locations":[{"start":{"line":163,"column":6},"end":{"line":169,"column":null}},{"start":{},"end":{}}],"line":163},"19":{"loc":{"start":{"line":180,"column":4},"end":{"line":180,"column":null}},"type":"if","locations":[{"start":{"line":180,"column":4},"end":{"line":180,"column":null}},{"start":{},"end":{}}],"line":180},"20":{"loc":{"start":{"line":202,"column":4},"end":{"line":208,"column":null}},"type":"if","locations":[{"start":{"line":202,"column":4},"end":{"line":208,"column":null}},{"start":{"line":204,"column":11},"end":{"line":208,"column":null}}],"line":202},"21":{"loc":{"start":{"line":218,"column":4},"end":{"line":218,"column":null}},"type":"if","locations":[{"start":{"line":218,"column":4},"end":{"line":218,"column":null}},{"start":{},"end":{}}],"line":218},"22":{"loc":{"start":{"line":220,"column":17},"end":{"line":220,"column":null}},"type":"cond-expr","locations":[{"start":{"line":220,"column":30},"end":{"line":220,"column":35}},{"start":{"line":220,"column":35},"end":{"line":220,"column":null}}],"line":220},"23":{"loc":{"start":{"line":223,"column":4},"end":{"line":244,"column":null}},"type":"switch","locations":[{"start":{"line":224,"column":6},"end":{"line":230,"column":null}},{"start":{"line":231,"column":6},"end":{"line":237,"column":null}},{"start":{"line":238,"column":6},"end":{"line":243,"column":null}}],"line":223},"24":{"loc":{"start":{"line":276,"column":4},"end":{"line":276,"column":null}},"type":"if","locations":[{"start":{"line":276,"column":4},"end":{"line":276,"column":null}},{"start":{},"end":{}}],"line":276},"25":{"loc":{"start":{"line":291,"column":4},"end":{"line":291,"column":null}},"type":"if","locations":[{"start":{"line":291,"column":4},"end":{"line":291,"column":null}},{"start":{},"end":{}}],"line":291},"26":{"loc":{"start":{"line":305,"column":4},"end":{"line":305,"column":null}},"type":"if","locations":[{"start":{"line":305,"column":4},"end":{"line":305,"column":null}},{"start":{},"end":{}}],"line":305},"27":{"loc":{"start":{"line":316,"column":4},"end":{"line":316,"column":null}},"type":"if","locations":[{"start":{"line":316,"column":4},"end":{"line":316,"column":null}},{"start":{},"end":{}}],"line":316},"28":{"loc":{"start":{"line":323,"column":4},"end":{"line":323,"column":null}},"type":"if","locations":[{"start":{"line":323,"column":4},"end":{"line":323,"column":null}},{"start":{},"end":{}}],"line":323},"29":{"loc":{"start":{"line":331,"column":4},"end":{"line":331,"column":null}},"type":"if","locations":[{"start":{"line":331,"column":4},"end":{"line":331,"column":null}},{"start":{},"end":{}}],"line":331},"30":{"loc":{"start":{"line":340,"column":4},"end":{"line":340,"column":null}},"type":"if","locations":[{"start":{"line":340,"column":4},"end":{"line":340,"column":null}},{"start":{},"end":{}}],"line":340},"31":{"loc":{"start":{"line":349,"column":4},"end":{"line":349,"column":null}},"type":"if","locations":[{"start":{"line":349,"column":4},"end":{"line":349,"column":null}},{"start":{},"end":{}}],"line":349},"32":{"loc":{"start":{"line":357,"column":4},"end":{"line":357,"column":null}},"type":"if","locations":[{"start":{"line":357,"column":4},"end":{"line":357,"column":null}},{"start":{},"end":{}}],"line":357},"33":{"loc":{"start":{"line":365,"column":4},"end":{"line":365,"column":null}},"type":"if","locations":[{"start":{"line":365,"column":4},"end":{"line":365,"column":null}},{"start":{},"end":{}}],"line":365},"34":{"loc":{"start":{"line":373,"column":4},"end":{"line":373,"column":null}},"type":"if","locations":[{"start":{"line":373,"column":4},"end":{"line":373,"column":null}},{"start":{},"end":{}}],"line":373},"35":{"loc":{"start":{"line":383,"column":4},"end":{"line":383,"column":null}},"type":"if","locations":[{"start":{"line":383,"column":4},"end":{"line":383,"column":null}},{"start":{},"end":{}}],"line":383},"36":{"loc":{"start":{"line":388,"column":4},"end":{"line":388,"column":null}},"type":"if","locations":[{"start":{"line":388,"column":4},"end":{"line":388,"column":null}},{"start":{},"end":{}}],"line":388},"37":{"loc":{"start":{"line":389,"column":4},"end":{"line":389,"column":null}},"type":"if","locations":[{"start":{"line":389,"column":4},"end":{"line":389,"column":null}},{"start":{},"end":{}}],"line":389},"38":{"loc":{"start":{"line":390,"column":4},"end":{"line":390,"column":null}},"type":"if","locations":[{"start":{"line":390,"column":4},"end":{"line":390,"column":null}},{"start":{},"end":{}}],"line":390},"39":{"loc":{"start":{"line":390,"column":8},"end":{"line":390,"column":47}},"type":"binary-expr","locations":[{"start":{"line":390,"column":8},"end":{"line":390,"column":35}},{"start":{"line":390,"column":35},"end":{"line":390,"column":47}}],"line":390},"40":{"loc":{"start":{"line":398,"column":4},"end":{"line":398,"column":null}},"type":"if","locations":[{"start":{"line":398,"column":4},"end":{"line":398,"column":null}},{"start":{},"end":{}}],"line":398},"41":{"loc":{"start":{"line":409,"column":4},"end":{"line":409,"column":null}},"type":"if","locations":[{"start":{"line":409,"column":4},"end":{"line":409,"column":null}},{"start":{},"end":{}}],"line":409},"42":{"loc":{"start":{"line":426,"column":4},"end":{"line":426,"column":null}},"type":"if","locations":[{"start":{"line":426,"column":4},"end":{"line":426,"column":null}},{"start":{},"end":{}}],"line":426},"43":{"loc":{"start":{"line":427,"column":4},"end":{"line":427,"column":null}},"type":"if","locations":[{"start":{"line":427,"column":4},"end":{"line":427,"column":null}},{"start":{},"end":{}}],"line":427},"44":{"loc":{"start":{"line":427,"column":8},"end":{"line":427,"column":44}},"type":"binary-expr","locations":[{"start":{"line":427,"column":8},"end":{"line":427,"column":23}},{"start":{"line":427,"column":23},"end":{"line":427,"column":44}}],"line":427},"45":{"loc":{"start":{"line":429,"column":4},"end":{"line":429,"column":null}},"type":"if","locations":[{"start":{"line":429,"column":4},"end":{"line":429,"column":null}},{"start":{},"end":{}}],"line":429},"46":{"loc":{"start":{"line":429,"column":8},"end":{"line":429,"column":32}},"type":"binary-expr","locations":[{"start":{"line":429,"column":8},"end":{"line":429,"column":21}},{"start":{"line":429,"column":21},"end":{"line":429,"column":32}}],"line":429},"47":{"loc":{"start":{"line":432,"column":4},"end":{"line":432,"column":null}},"type":"if","locations":[{"start":{"line":432,"column":4},"end":{"line":432,"column":null}},{"start":{},"end":{}}],"line":432},"48":{"loc":{"start":{"line":432,"column":8},"end":{"line":432,"column":36}},"type":"binary-expr","locations":[{"start":{"line":432,"column":8},"end":{"line":432,"column":23}},{"start":{"line":432,"column":23},"end":{"line":432,"column":36}}],"line":432},"49":{"loc":{"start":{"line":434,"column":4},"end":{"line":437,"column":null}},"type":"if","locations":[{"start":{"line":434,"column":4},"end":{"line":437,"column":null}},{"start":{},"end":{}}],"line":434},"50":{"loc":{"start":{"line":441,"column":4},"end":{"line":494,"column":null}},"type":"if","locations":[{"start":{"line":441,"column":4},"end":{"line":494,"column":null}},{"start":{},"end":{}}],"line":441},"51":{"loc":{"start":{"line":450,"column":8},"end":{"line":450,"column":null}},"type":"if","locations":[{"start":{"line":450,"column":8},"end":{"line":450,"column":null}},{"start":{},"end":{}}],"line":450},"52":{"loc":{"start":{"line":452,"column":8},"end":{"line":452,"column":null}},"type":"if","locations":[{"start":{"line":452,"column":8},"end":{"line":452,"column":null}},{"start":{},"end":{}}],"line":452},"53":{"loc":{"start":{"line":460,"column":14},"end":{"line":460,"column":null}},"type":"cond-expr","locations":[{"start":{"line":460,"column":56},"end":{"line":460,"column":79}},{"start":{"line":460,"column":79},"end":{"line":460,"column":null}}],"line":460},"54":{"loc":{"start":{"line":460,"column":21},"end":{"line":460,"column":46}},"type":"binary-expr","locations":[{"start":{"line":460,"column":21},"end":{"line":460,"column":34}},{"start":{"line":460,"column":34},"end":{"line":460,"column":46}}],"line":460},"55":{"loc":{"start":{"line":463,"column":8},"end":{"line":463,"column":null}},"type":"if","locations":[{"start":{"line":463,"column":8},"end":{"line":463,"column":null}},{"start":{},"end":{}}],"line":463},"56":{"loc":{"start":{"line":464,"column":8},"end":{"line":464,"column":null}},"type":"if","locations":[{"start":{"line":464,"column":8},"end":{"line":464,"column":null}},{"start":{},"end":{}}],"line":464},"57":{"loc":{"start":{"line":471,"column":14},"end":{"line":471,"column":null}},"type":"cond-expr","locations":[{"start":{"line":471,"column":21},"end":{"line":471,"column":38}},{"start":{"line":471,"column":38},"end":{"line":471,"column":null}}],"line":471},"58":{"loc":{"start":{"line":475,"column":6},"end":{"line":483,"column":null}},"type":"if","locations":[{"start":{"line":475,"column":6},"end":{"line":483,"column":null}},{"start":{},"end":{}}],"line":475},"59":{"loc":{"start":{"line":475,"column":10},"end":{"line":475,"column":43}},"type":"binary-expr","locations":[{"start":{"line":475,"column":10},"end":{"line":475,"column":26}},{"start":{"line":475,"column":26},"end":{"line":475,"column":43}}],"line":475},"60":{"loc":{"start":{"line":477,"column":8},"end":{"line":477,"column":null}},"type":"if","locations":[{"start":{"line":477,"column":8},"end":{"line":477,"column":null}},{"start":{},"end":{}}],"line":477},"61":{"loc":{"start":{"line":477,"column":12},"end":{"line":477,"column":45}},"type":"binary-expr","locations":[{"start":{"line":477,"column":12},"end":{"line":477,"column":28}},{"start":{"line":477,"column":28},"end":{"line":477,"column":45}}],"line":477},"62":{"loc":{"start":{"line":478,"column":8},"end":{"line":482,"column":null}},"type":"if","locations":[{"start":{"line":478,"column":8},"end":{"line":482,"column":null}},{"start":{},"end":{}}],"line":478},"63":{"loc":{"start":{"line":479,"column":40},"end":{"line":481,"column":null}},"type":"cond-expr","locations":[{"start":{"line":480,"column":14},"end":{"line":480,"column":null}},{"start":{"line":481,"column":14},"end":{"line":481,"column":null}}],"line":479},"64":{"loc":{"start":{"line":496,"column":4},"end":{"line":498,"column":null}},"type":"if","locations":[{"start":{"line":496,"column":4},"end":{"line":498,"column":null}},{"start":{},"end":{}}],"line":496},"65":{"loc":{"start":{"line":496,"column":8},"end":{"line":496,"column":48}},"type":"binary-expr","locations":[{"start":{"line":496,"column":8},"end":{"line":496,"column":31}},{"start":{"line":496,"column":31},"end":{"line":496,"column":48}}],"line":496},"66":{"loc":{"start":{"line":505,"column":4},"end":{"line":505,"column":null}},"type":"if","locations":[{"start":{"line":505,"column":4},"end":{"line":505,"column":null}},{"start":{},"end":{}}],"line":505},"67":{"loc":{"start":{"line":507,"column":4},"end":{"line":510,"column":null}},"type":"if","locations":[{"start":{"line":507,"column":4},"end":{"line":510,"column":null}},{"start":{},"end":{}}],"line":507},"68":{"loc":{"start":{"line":532,"column":4},"end":{"line":532,"column":null}},"type":"if","locations":[{"start":{"line":532,"column":4},"end":{"line":532,"column":null}},{"start":{},"end":{}}],"line":532},"69":{"loc":{"start":{"line":538,"column":4},"end":{"line":540,"column":null}},"type":"if","locations":[{"start":{"line":538,"column":4},"end":{"line":540,"column":null}},{"start":{},"end":{}}],"line":538},"70":{"loc":{"start":{"line":547,"column":6},"end":{"line":547,"column":null}},"type":"if","locations":[{"start":{"line":547,"column":6},"end":{"line":547,"column":null}},{"start":{},"end":{}}],"line":547},"71":{"loc":{"start":{"line":549,"column":6},"end":{"line":549,"column":null}},"type":"if","locations":[{"start":{"line":549,"column":6},"end":{"line":549,"column":null}},{"start":{},"end":{}}],"line":549},"72":{"loc":{"start":{"line":555,"column":6},"end":{"line":561,"column":null}},"type":"if","locations":[{"start":{"line":555,"column":6},"end":{"line":561,"column":null}},{"start":{},"end":{}}],"line":555},"73":{"loc":{"start":{"line":558,"column":10},"end":{"line":558,"column":null}},"type":"if","locations":[{"start":{"line":558,"column":10},"end":{"line":558,"column":null}},{"start":{},"end":{}}],"line":558},"74":{"loc":{"start":{"line":566,"column":8},"end":{"line":566,"column":null}},"type":"if","locations":[{"start":{"line":566,"column":8},"end":{"line":566,"column":null}},{"start":{},"end":{}}],"line":566},"75":{"loc":{"start":{"line":571,"column":21},"end":{"line":571,"column":null}},"type":"binary-expr","locations":[{"start":{"line":571,"column":21},"end":{"line":571,"column":38}},{"start":{"line":571,"column":38},"end":{"line":571,"column":null}}],"line":571},"76":{"loc":{"start":{"line":572,"column":21},"end":{"line":572,"column":null}},"type":"binary-expr","locations":[{"start":{"line":572,"column":21},"end":{"line":572,"column":38}},{"start":{"line":572,"column":38},"end":{"line":572,"column":null}}],"line":572},"77":{"loc":{"start":{"line":573,"column":23},"end":{"line":573,"column":null}},"type":"binary-expr","locations":[{"start":{"line":573,"column":23},"end":{"line":573,"column":42}},{"start":{"line":573,"column":42},"end":{"line":573,"column":null}}],"line":573},"78":{"loc":{"start":{"line":576,"column":6},"end":{"line":581,"column":null}},"type":"if","locations":[{"start":{"line":576,"column":6},"end":{"line":581,"column":null}},{"start":{},"end":{}}],"line":576},"79":{"loc":{"start":{"line":582,"column":12},"end":{"line":582,"column":null}},"type":"cond-expr","locations":[{"start":{"line":582,"column":77},"end":{"line":582,"column":100}},{"start":{"line":582,"column":100},"end":{"line":582,"column":null}}],"line":582},"80":{"loc":{"start":{"line":582,"column":19},"end":{"line":582,"column":67}},"type":"binary-expr","locations":[{"start":{"line":582,"column":19},"end":{"line":582,"column":55}},{"start":{"line":582,"column":55},"end":{"line":582,"column":67}}],"line":582},"81":{"loc":{"start":{"line":601,"column":17},"end":{"line":601,"column":null}},"type":"binary-expr","locations":[{"start":{"line":601,"column":17},"end":{"line":601,"column":34}},{"start":{"line":601,"column":34},"end":{"line":601,"column":null}}],"line":601},"82":{"loc":{"start":{"line":602,"column":17},"end":{"line":602,"column":null}},"type":"binary-expr","locations":[{"start":{"line":602,"column":17},"end":{"line":602,"column":34}},{"start":{"line":602,"column":34},"end":{"line":602,"column":null}}],"line":602},"83":{"loc":{"start":{"line":603,"column":19},"end":{"line":603,"column":null}},"type":"binary-expr","locations":[{"start":{"line":603,"column":19},"end":{"line":603,"column":38}},{"start":{"line":603,"column":38},"end":{"line":603,"column":null}}],"line":603},"84":{"loc":{"start":{"line":606,"column":4},"end":{"line":606,"column":null}},"type":"if","locations":[{"start":{"line":606,"column":4},"end":{"line":606,"column":null}},{"start":{},"end":{}}],"line":606},"85":{"loc":{"start":{"line":608,"column":10},"end":{"line":608,"column":null}},"type":"cond-expr","locations":[{"start":{"line":608,"column":52},"end":{"line":608,"column":75}},{"start":{"line":608,"column":75},"end":{"line":608,"column":null}}],"line":608},"86":{"loc":{"start":{"line":608,"column":17},"end":{"line":608,"column":42}},"type":"binary-expr","locations":[{"start":{"line":608,"column":17},"end":{"line":608,"column":30}},{"start":{"line":608,"column":30},"end":{"line":608,"column":42}}],"line":608},"87":{"loc":{"start":{"line":611,"column":4},"end":{"line":611,"column":null}},"type":"if","locations":[{"start":{"line":611,"column":4},"end":{"line":611,"column":null}},{"start":{},"end":{}}],"line":611},"88":{"loc":{"start":{"line":612,"column":4},"end":{"line":612,"column":null}},"type":"if","locations":[{"start":{"line":612,"column":4},"end":{"line":612,"column":null}},{"start":{},"end":{}}],"line":612},"89":{"loc":{"start":{"line":624,"column":4},"end":{"line":624,"column":null}},"type":"if","locations":[{"start":{"line":624,"column":4},"end":{"line":624,"column":null}},{"start":{},"end":{}}],"line":624},"90":{"loc":{"start":{"line":644,"column":6},"end":{"line":644,"column":null}},"type":"if","locations":[{"start":{"line":644,"column":6},"end":{"line":644,"column":null}},{"start":{},"end":{}}],"line":644},"91":{"loc":{"start":{"line":644,"column":11},"end":{"line":644,"column":54}},"type":"binary-expr","locations":[{"start":{"line":644,"column":11},"end":{"line":644,"column":42}},{"start":{"line":644,"column":42},"end":{"line":644,"column":54}}],"line":644},"92":{"loc":{"start":{"line":646,"column":6},"end":{"line":650,"column":null}},"type":"if","locations":[{"start":{"line":646,"column":6},"end":{"line":650,"column":null}},{"start":{},"end":{}}],"line":646},"93":{"loc":{"start":{"line":648,"column":8},"end":{"line":648,"column":null}},"type":"if","locations":[{"start":{"line":648,"column":8},"end":{"line":648,"column":null}},{"start":{},"end":{}}],"line":648},"94":{"loc":{"start":{"line":653,"column":6},"end":{"line":653,"column":null}},"type":"if","locations":[{"start":{"line":653,"column":6},"end":{"line":653,"column":null}},{"start":{},"end":{}}],"line":653},"95":{"loc":{"start":{"line":679,"column":6},"end":{"line":683,"column":null}},"type":"if","locations":[{"start":{"line":679,"column":6},"end":{"line":683,"column":null}},{"start":{},"end":{}}],"line":679},"96":{"loc":{"start":{"line":681,"column":8},"end":{"line":681,"column":null}},"type":"if","locations":[{"start":{"line":681,"column":8},"end":{"line":681,"column":null}},{"start":{},"end":{}}],"line":681},"97":{"loc":{"start":{"line":686,"column":6},"end":{"line":686,"column":null}},"type":"if","locations":[{"start":{"line":686,"column":6},"end":{"line":686,"column":null}},{"start":{},"end":{}}],"line":686},"98":{"loc":{"start":{"line":698,"column":4},"end":{"line":698,"column":null}},"type":"if","locations":[{"start":{"line":698,"column":4},"end":{"line":698,"column":null}},{"start":{},"end":{}}],"line":698},"99":{"loc":{"start":{"line":706,"column":8},"end":{"line":707,"column":null}},"type":"if","locations":[{"start":{"line":706,"column":8},"end":{"line":707,"column":null}},{"start":{"line":707,"column":13},"end":{"line":707,"column":null}}],"line":706},"100":{"loc":{"start":{"line":731,"column":4},"end":{"line":731,"column":null}},"type":"if","locations":[{"start":{"line":731,"column":4},"end":{"line":731,"column":null}},{"start":{},"end":{}}],"line":731},"101":{"loc":{"start":{"line":735,"column":19},"end":{"line":735,"column":null}},"type":"binary-expr","locations":[{"start":{"line":735,"column":19},"end":{"line":735,"column":37}},{"start":{"line":735,"column":37},"end":{"line":735,"column":null}}],"line":735},"102":{"loc":{"start":{"line":739,"column":6},"end":{"line":739,"column":null}},"type":"if","locations":[{"start":{"line":739,"column":6},"end":{"line":739,"column":null}},{"start":{},"end":{}}],"line":739},"103":{"loc":{"start":{"line":740,"column":6},"end":{"line":743,"column":null}},"type":"if","locations":[{"start":{"line":740,"column":6},"end":{"line":743,"column":null}},{"start":{},"end":{}}],"line":740},"104":{"loc":{"start":{"line":744,"column":6},"end":{"line":747,"column":null}},"type":"if","locations":[{"start":{"line":744,"column":6},"end":{"line":747,"column":null}},{"start":{},"end":{}}],"line":744},"105":{"loc":{"start":{"line":753,"column":4},"end":{"line":759,"column":null}},"type":"if","locations":[{"start":{"line":753,"column":4},"end":{"line":759,"column":null}},{"start":{},"end":{}}],"line":753},"106":{"loc":{"start":{"line":753,"column":8},"end":{"line":753,"column":30}},"type":"binary-expr","locations":[{"start":{"line":753,"column":8},"end":{"line":753,"column":21}},{"start":{"line":753,"column":21},"end":{"line":753,"column":30}}],"line":753},"107":{"loc":{"start":{"line":755,"column":6},"end":{"line":755,"column":null}},"type":"if","locations":[{"start":{"line":755,"column":6},"end":{"line":755,"column":null}},{"start":{},"end":{}}],"line":755},"108":{"loc":{"start":{"line":761,"column":4},"end":{"line":769,"column":null}},"type":"if","locations":[{"start":{"line":761,"column":4},"end":{"line":769,"column":null}},{"start":{},"end":{}}],"line":761},"109":{"loc":{"start":{"line":764,"column":6},"end":{"line":764,"column":null}},"type":"if","locations":[{"start":{"line":764,"column":6},"end":{"line":764,"column":null}},{"start":{},"end":{}}],"line":764},"110":{"loc":{"start":{"line":773,"column":4},"end":{"line":773,"column":null}},"type":"if","locations":[{"start":{"line":773,"column":4},"end":{"line":773,"column":null}},{"start":{},"end":{}}],"line":773},"111":{"loc":{"start":{"line":775,"column":4},"end":{"line":775,"column":null}},"type":"if","locations":[{"start":{"line":775,"column":4},"end":{"line":775,"column":null}},{"start":{},"end":{}}],"line":775},"112":{"loc":{"start":{"line":783,"column":56},"end":{"line":783,"column":74}},"type":"default-arg","locations":[{"start":{"line":783,"column":65},"end":{"line":783,"column":74}}],"line":783},"113":{"loc":{"start":{"line":793,"column":6},"end":{"line":793,"column":null}},"type":"if","locations":[{"start":{"line":793,"column":6},"end":{"line":793,"column":null}},{"start":{},"end":{}}],"line":793},"114":{"loc":{"start":{"line":795,"column":6},"end":{"line":795,"column":null}},"type":"if","locations":[{"start":{"line":795,"column":6},"end":{"line":795,"column":null}},{"start":{},"end":{}}],"line":795},"115":{"loc":{"start":{"line":801,"column":8},"end":{"line":801,"column":null}},"type":"if","locations":[{"start":{"line":801,"column":8},"end":{"line":801,"column":null}},{"start":{},"end":{}}],"line":801},"116":{"loc":{"start":{"line":802,"column":8},"end":{"line":802,"column":null}},"type":"if","locations":[{"start":{"line":802,"column":8},"end":{"line":802,"column":null}},{"start":{},"end":{}}],"line":802},"117":{"loc":{"start":{"line":805,"column":8},"end":{"line":805,"column":null}},"type":"if","locations":[{"start":{"line":805,"column":8},"end":{"line":805,"column":null}},{"start":{},"end":{}}],"line":805},"118":{"loc":{"start":{"line":806,"column":8},"end":{"line":806,"column":null}},"type":"if","locations":[{"start":{"li
[...]
e":"cond-expr","locations":[{"start":{"line":70,"column":30},"end":{"line":70,"column":48}},{"start":{"line":70,"column":48},"end":{"line":70,"column":null}}],"line":70},"3":{"loc":{"start":{"line":76,"column":43},"end":{"line":76,"column":null}},"type":"cond-expr","locations":[{"start":{"line":76,"column":56},"end":{"line":76,"column":63}},{"start":{"line":76,"column":63},"end":{"line":76,"column":null}}],"line":76},"4":{"loc":{"start":{"line":76,"column":63},"end":{"line":76,"column":null}},"type":"cond-expr","locations":[{"start":{"line":76,"column":79},"end":{"line":76,"column":89}},{"start":{"line":76,"column":89},"end":{"line":76,"column":null}}],"line":76},"5":{"loc":{"start":{"line":88,"column":6},"end":{"line":91,"column":null}},"type":"if","locations":[{"start":{"line":88,"column":6},"end":{"line":91,"column":null}},{"start":{"line":91,"column":13},"end":{"line":91,"column":null}}],"line":88},"6":{"loc":{"start":{"line":98,"column":2},"end":{"line":102,"column":null}},"type":"if","locations":[{"start":{"line":98,"column":2},"end":{"line":102,"column":null}},{"start":{"line":100,"column":9},"end":{"line":102,"column":null}}],"line":98},"7":{"loc":{"start":{"line":125,"column":4},"end":{"line":128,"column":null}},"type":"if","locations":[{"start":{"line":125,"column":4},"end":{"line":128,"column":null}},{"start":{"line":128,"column":11},"end":{"line":128,"column":null}}],"line":125},"8":{"loc":{"start":{"line":137,"column":4},"end":{"line":137,"column":null}},"type":"if","locations":[{"start":{"line":137,"column":4},"end":{"line":137,"column":null}},{"start":{},"end":{}}],"line":137},"9":{"loc":{"start":{"line":142,"column":4},"end":{"line":148,"column":null}},"type":"if","locations":[{"start":{"line":142,"column":4},"end":{"line":148,"column":null}},{"start":{"line":145,"column":11},"end":{"line":148,"column":null}}],"line":142},"10":{"loc":{"start":{"line":189,"column":6},"end":{"line":192,"column":null}},"type":"if","locations":[{"start":{"line":189,"column":6},"end":{"line":192,"column":null}},{"start":{"line":192,"column":13},"end":{"line":192,"column":null}}],"line":189},"11":{"loc":{"start":{"line":207,"column":6},"end":{"line":218,"column":null}},"type":"if","locations":[{"start":{"line":207,"column":6},"end":{"line":218,"column":null}},{"start":{"line":215,"column":13},"end":{"line":218,"column":null}}],"line":207},"12":{"loc":{"start":{"line":208,"column":8},"end":{"line":212,"column":null}},"type":"if","locations":[{"start":{"line":208,"column":8},"end":{"line":212,"column":null}},{"start":{},"end":{}}],"line":208},"13":{"loc":{"start":{"line":216,"column":8},"end":{"line":216,"column":null}},"type":"if","locations":[{"start":{"line":216,"column":8},"end":{"line":216,"column":null}},{"start":{},"end":{}}],"line":216},"14":{"loc":{"start":{"line":217,"column":8},"end":{"line":217,"column":null}},"type":"if","locations":[{"start":{"line":217,"column":8},"end":{"line":217,"column":null}},{"start":{},"end":{}}],"line":217},"15":{"loc":{"start":{"line":220,"column":4},"end":{"line":224,"column":null}},"type":"if","locations":[{"start":{"line":220,"column":4},"end":{"line":224,"column":null}},{"start":{},"end":{}}],"line":220},"16":{"loc":{"start":{"line":231,"column":4},"end":{"line":231,"column":null}},"type":"if","locations":[{"start":{"line":231,"column":4},"end":{"line":231,"column":null}},{"start":{},"end":{}}],"line":231},"17":{"loc":{"start":{"line":238,"column":4},"end":{"line":238,"column":null}},"type":"if","locations":[{"start":{"line":238,"column":4},"end":{"line":238,"column":null}},{"start":{},"end":{}}],"line":238},"18":{"loc":{"start":{"line":246,"column":4},"end":{"line":255,"column":null}},"type":"if","locations":[{"start":{"line":246,"column":4},"end":{"line":255,"column":null}},{"start":{"line":249,"column":11},"end":{"line":255,"column":null}}],"line":246}},"s":{"0":5,"1":5,"2":1,"3":4,"4":4,"5":4,"6":4,"7":4,"8":5,"9":5,"10":5,"11":5,"12":5,"13":5,"14":10045,"15":5,"16":10045,"17":5,"18":5,"19":5,"20":5,"21":8,"22":8,"23":8,"24":8,"25":8,"26":10018,"27":10018,"28":8,"29":8,"30":10010,"31":8,"32":4,"33":4,"34":1,"35":3,"36":3,"37":3,"38":3,"39":3,"40":3,"41":9,"42":9,"43":3,"44":3,"45":6,"46":3,"47":3,"48":6,"49":6,"50":6,"51":6,"52":6,"53":6,"54":6,"55":6,"56":6,"57":12,"58":6,"59":3,"60":3,"61":3,"62":3,"63":3,"64":9,"65":6,"66":6,"67":6,"68":6,"69":6,"70":6,"71":6,"72":6,"73":6,"74":6,"75":12,"76":6,"77":1,"78":1,"79":1,"80":1,"81":1,"82":1,"83":5000,"84":5000,"85":1,"86":1,"87":4999,"88":1,"89":2,"90":2,"91":2,"92":2,"93":2,"94":2,"95":2,"96":2,"97":10000,"98":10000,"99":10000,"100":802,"101":800,"102":800,"103":800,"104":802,"105":802,"106":9198,"107":4372,"108":9198,"109":4422,"110":2,"111":2,"112":2,"113":2,"114":2,"115":1,"116":1,"117":2,"118":2,"119":2,"120":0,"121":2,"122":2,"123":2,"124":2,"125":2,"126":2,"127":2,"128":2,"129":802,"130":802,"131":2,"132":1,"133":1,"134":1,"135":1,"136":1,"137":401,"138":401,"139":2,"140":2,"141":2,"142":2,"143":2,"144":2,"145":2,"146":2,"147":2,"148":2,"149":802,"150":802,"151":2},"f":{"0":5,"1":10045,"2":10045,"3":3,"4":1,"5":2},"b":{"0":[1,4],"1":[4,0],"2":[4,0],"3":[6,10039],"4":[0,10039],"5":[8,10010],"6":[1,3],"7":[3,6],"8":[6,0],"9":[3,3],"10":[1,4999],"11":[802,9198],"12":[800,2],"13":[4372,4826],"14":[4422,4776],"15":[2,0],"16":[0,2],"17":[2,0],"18":[1,1]},"meta":{"lastBranch":19,"lastFunction":6,"lastStatement":152,"seen":{"f:53:16:53:Infinity":0,"s:60:12:60:Infinity":0,"b:61:2:61:Infinity:undefined:undefined:undefined:undefined":0,"s:61:2:61:Infinity":1,"s:61:15:61:Infinity":2,"s:63:16:63:Infinity":3,"s:64:24:64:Infinity":4,"s:66:17:66:Infinity":5,"s:67:17:67:Infinity":6,"s:68:17:68:Infinity":7,"b:68:30:68:48:68:48:68:Infinity":1,"s:69:15:69:Infinity":8,"s:70:17:70:Infinity":9,"b:70:30:70:48:70:48:70:Infinity":2,"s:71:15:71:Infinity":10,"s:72:18:72:Infinity":11,"s:73:15:73:Infinity":12,"s:76:8:76:Infinity":13,"f:76:8:76:18":1,"s:76:43:76:Infinity":14,"b:76:56:76:63:76:63:76:Infinity":3,"b:76:79:76:89:76:89:76:Infinity":4,"s:77:8:77:Infinity":15,"f:77:8:77:14":2,"s:77:39:77:Infinity":16,"s:80:34:80:Infinity":17,"s:81:18:81:Infinity":18,"s:82:2:94:Infinity":19,"s:82:16:82:19":20,"s:83:14:83:Infinity":21,"s:84:12:84:Infinity":22,"s:85:17:85:Infinity":23,"s:86:4:92:Infinity":24,"s:86:17:86:20":25,"s:87:6:87:Infinity":26,"b:88:6:91:Infinity:91:13:91:Infinity":5,"s:88:6:91:Infinity":27,"s:89:8:89:Infinity":28,"s:90:8:90:Infinity":29,"s:91:13:91:Infinity":30,"s:93:4:93:Infinity":31,"s:96:2:96:Infinity":32,"b:98:2:102:Infinity:100:9:102:Infinity":6,"s:98:2:102:Infinity":33,"s:99:4:99:Infinity":34,"s:101:4:101:Infinity":35,"f:106:9:106:Infinity":3,"s:120:13:120:Infinity":36,"s:121:10:121:Infinity":37,"s:122:15:122:Infinity":38,"s:123:2:129:Infinity":39,"s:123:15:123:18":40,"s:124:4:124:Infinity":41,"b:125:4:128:Infinity:128:11:128:Infinity":7,"s:125:4:128:Infinity":42,"s:126:6:126:Infinity":43,"s:127:6:127:Infinity":44,"s:128:11:128:Infinity":45,"s:131:2:160:Infinity":46,"s:131:16:131:19":47,"s:132:20:132:Infinity":48,"s:133:18:133:Infinity":49,"s:135:4:135:Infinity":50,"s:136:4:136:Infinity":51,"b:137:4:137:Infinity:undefined:undefined:undefined:undefined":8,"s:137:4:137:Infinity":52,"s:137:31:137:Infinity":53,"s:139:4:139:Infinity":54,"s:140:4:140:Infinity":55,"s:140:17:140:20":56,"s:140:32:140:Infinity":57,"b:142:4:148:Infinity:145:11:148:Infinity":9,"s:142:4:148:Infinity":58,"s:143:6:143:Infinity":59,"s:144:6:144:Infinity":60,"s:146:22:146:Infinity":61,"s:147:6:147:Infinity":62,"s:147:19:147:26":63,"s:147:39:147:Infinity":64,"s:149:4:149:Infinity":65,"s:150:4:150:Infinity":66,"s:151:4:151:Infinity":67,"s:153:4:153:Infinity":68,"s:154:4:154:Infinity":69,"s:155:4:155:Infinity":70,"s:156:4:156:Infinity":71,"s:157:4:157:Infinity":72,"s:158:4:158:Infinity":73,"s:158:17:158:20":74,"s:158:32:158:Infinity":75,"s:159:4:159:Infinity":76,"f:168:9:168:Infinity":4,"s:180:12:180:Infinity":77,"s:183:16:183:Infinity":78,"s:185:12:185:Infinity":79,"s:186:17:186:Infinity":80,"s:187:4:193:Infinity":81,"s:187:17:187:20":82,"s:188:6:188:Infinity":83,"b:189:6:192:Infinity:192:13:192:Infinity":10,"s:189:6:192:Infinity":84,"s:190:8:190:Infinity":85,"s:191:8:191:Infinity":86,"s:192:13:192:Infinity":87,"s:197:30:226:Infinity":88,"f:197:38:197:43":5,"s:198:25:198:Infinity":89,"s:199:26:199:Infinity":90,"s:200:26:200:Infinity":91,"s:201:14:201:Infinity":92,"s:202:15:202:Infinity":93,"s:203:15:203:Infinity":94,"s:204:4:219:Infinity":95,"s:204:17:204:20":96,"s:205:16:205:Infinity":97,"s:206:18:206:Infinity":98,"b:207:6:218:Infinity:215:13:218:Infinity":11,"s:207:6:218:Infinity":99,"b:208:8:212:Infinity:undefined:undefined:undefined:undefined":12,"s:208:8:212:Infinity":100,"s:209:10:209:Infinity":101,"s:210:10:210:Infinity":102,"s:211:10:211:Infinity":103,"s:213:8:213:Infinity":104,"s:214:8:214:Infinity":105,"b:216:8:216:Infinity:undefined:undefined:undefined:undefined":13,"s:216:8:216:Infinity":106,"s:216:24:216:Infinity":107,"b:217:8:217:Infinity:undefined:undefined:undefined:undefined":14,"s:217:8:217:Infinity":108,"s:217:24:217:Infinity":109,"b:220:4:224:Infinity:undefined:undefined:undefined:undefined":15,"s:220:4:224:Infinity":110,"s:221:6:221:Infinity":111,"s:222:6:222:Infinity":112,"s:223:6:223:Infinity":113,"s:225:4:225:Infinity":114,"s:228:2:271:Infinity":115,"s:228:16:228:19":116,"s:229:16:229:Infinity":117,"s:230:14:230:Infinity":118,"b:231:4:231:Infinity:undefined:undefined:undefined:undefined":16,"s:231:4:231:Infinity":119,"s:231:17:231:Infinity":120,"s:232:18:232:Infinity":121,"s:236:4:236:Infinity":122,"s:237:4:237:Infinity":123,"b:238:4:238:Infinity:undefined:undefined:undefined:undefined":17,"s:238:4:238:Infinity":124,"s:238:31:238:Infinity":125,"s:240:4:240:Infinity":126,"s:241:4:244:Infinity":127,"s:241:17:241:20":128,"s:242:6:242:Infinity":129,"s:243:6:243:Infinity":130,"b:246:4:255:Infinity:249:11:255:Infinity":18,"s:246:4:255:Infinity":131,"s:247:6:247:Infinity":132,"s:248:6:248:Infinity":133,"s:250:19:250:Infinity":134,"s:251:6:254:Infinity":135,"s:251:19:251:39":136,"s:252:8:252:Infinity":137,"s:253:8:253:Infinity":138,"s:256:4:256:Infinity":139,"s:257:4:257:Infinity":140,"s:258:4:258:Infinity":141,"s:261:4:261:Infinity":142,"s:262:4:262:Infinity":143,"s:263:4:263:Infinity":144,"s:264:4:264:Infinity":145,"s:265:4:265:Infinity":146,"s:266:4:269:Infinity":147,"s:266:17:266:20":148,"s:267:6:267:Infinity":149,"s:268:6:268:Infinity":150,"s:270:4:270:Infinity":151},"fnNames":{}}}
,"C:\\Users\\Isaac\\Documents\\Sandbox\\goro-charts\\src\\render\\surface.ts": {"path":"C:\\Users\\Isaac\\Documents\\Sandbox\\goro-charts\\src\\render\\surface.ts","statementMap":{"0":{"start":{"line":18,"column":9},"end":{"line":18,"column":null}},"1":{"start":{"line":19,"column":9},"end":{"line":19,"column":null}},"2":{"start":{"line":21,"column":48},"end":{"line":21,"column":null}},"3":{"start":{"line":22,"column":52},"end":{"line":22,"column":null}},"4":{"start":{"line":25,"column":4},"end":{"line":25,"column":null}},"5":{"start":{"line":27,"column":4},"end":{"line":27,"column":null}},"6":{"start":{"line":28,"column":4},"end":{"line":28,"column":null}},"7":{"start":{"line":30,"column":4},"end":{"line":30,"column":null}},"8":{"start":{"line":31,"column":16},"end":{"line":31,"column":null}},"9":{"start":{"line":32,"column":4},"end":{"line":32,"column":null}},"10":{"start":{"line":32,"column":14},"end":{"line":32,"column":null}},"11":{"start":{"line":33,"column":4},"end":{"line":33,"column":null}},"12":{"start":{"line":34,"column":4},"end":{"line":34,"column":null}},"13":{"start":{"line":42,"column":17},"end":{"line":42,"column":null}},"14":{"start":{"line":43,"column":14},"end":{"line":43,"column":null}},"15":{"start":{"line":44,"column":14},"end":{"line":44,"column":null}},"16":{"start":{"line":47,"column":4},"end":{"line":47,"column":null}},"17":{"start":{"line":47,"column":26},"end":{"line":47,"column":null}},"18":{"start":{"line":50,"column":15},"end":{"line":50,"column":null}},"19":{"start":{"line":51,"column":15},"end":{"line":51,"column":null}},"20":{"start":{"line":52,"column":4},"end":{"line":52,"column":null}},"21":{"start":{"line":52,"column":72},"end":{"line":52,"column":null}},"22":{"start":{"line":54,"column":4},"end":{"line":54,"column":null}},"23":{"start":{"line":55,"column":4},"end":{"line":55,"column":null}},"24":{"start":{"line":56,"column":4},"end":{"line":56,"column":null}},"25":{"start":{"line":57,"column":4},"end":{"line":57,"column":null}},"26":{"start":{"line":58,"column":4},"end":{"line":58,"column":null}},"27":{"start":{"line":59,"column":4},"end":{"line":59,"column":null}},"28":{"start":{"line":60,"column":4},"end":{"line":60,"column":null}},"29":{"start":{"line":61,"column":4},"end":{"line":61,"column":null}},"30":{"start":{"line":66,"column":15},"end":{"line":66,"column":null}},"31":{"start":{"line":67,"column":15},"end":{"line":67,"column":null}},"32":{"start":{"line":68,"column":4},"end":{"line":70,"column":null}},"33":{"start":{"line":69,"column":6},"end":{"line":69,"column":null}},"34":{"start":{"line":71,"column":16},"end":{"line":71,"column":null}},"35":{"start":{"line":72,"column":4},"end":{"line":72,"column":null}},"36":{"start":{"line":73,"column":4},"end":{"line":73,"column":null}},"37":{"start":{"line":74,"column":16},"end":{"line":74,"column":null}},"38":{"start":{"line":75,"column":4},"end":{"line":75,"column":null}},"39":{"start":{"line":75,"column":14},"end":{"line":75,"column":null}},"40":{"start":{"line":76,"column":4},"end":{"line":76,"column":null}},"41":{"start":{"line":77,"column":4},"end":{"line":77,"column":null}},"42":{"start":{"line":78,"column":4},"end":{"line":78,"column":null}},"43":{"start":{"line":79,"column":4},"end":{"line":79,"column":null}},"44":{"start":{"line":84,"column":4},"end":{"line":84,"column":null}},"45":{"start":{"line":84,"column":25},"end":{"line":84,"column":null}},"46":{"start":{"line":85,"column":4},"end":{"line":85,"column":null}},"47":{"start":{"line":86,"column":4},"end":{"line":86,"column":null}},"48":{"start":{"line":87,"column":4},"end":{"line":87,"column":null}},"49":{"start":{"line":88,"column":4},"end":{"line":88,"column":null}},"50":{"start":{"line":93,"column":4},"end":{"line":93,"column":null}},"51":{"start":{"line":94,"column":4},"end":{"line":94,"column":null}}},"fnMap":{"0":{"name":"constructor","decl":{"start":{"line":24,"column":2},"end":{"line":24,"column":14}},"loc":{"start":{"line":24,"column":41},"end":{"line":35,"column":null}},"line":24},"1":{"name":"measure","decl":{"start":{"line":41,"column":2},"end":{"line":41,"column":21}},"loc":{"start":{"line":41,"column":21},"end":{"line":62,"column":null}},"line":41},"2":{"name":"offscreenCtx","decl":{"start":{"line":65,"column":2},"end":{"line":65,"column":43}},"loc":{"start":{"line":65,"column":43},"end":{"line":80,"column":null}},"line":65},"3":{"name":"blit","decl":{"start":{"line":83,"column":2},"end":{"line":83,"column":15}},"loc":{"start":{"line":83,"column":15},"end":{"line":89,"column":null}},"line":83},"4":{"name":"dispose","decl":{"start":{"line":92,"column":2},"end":{"line":92,"column":18}},"loc":{"start":{"line":92,"column":18},"end":{"line":95,"column":null}},"line":92}},"branchMap":{"0":{"loc":{"start":{"line":30,"column":15},"end":{"line":30,"column":null}},"type":"binary-expr","locations":[{"start":{"line":30,"column":15},"end":{"line":30,"column":42}},{"start":{"line":30,"column":42},"end":{"line":30,"column":null}}],"line":30},"1":{"loc":{"start":{"line":32,"column":4},"end":{"line":32,"column":null}},"type":"if","locations":[{"start":{"line":32,"column":4},"end":{"line":32,"column":null}},{"start":{},"end":{}}],"line":32},"2":{"loc":{"start":{"line":47,"column":4},"end":{"line":47,"column":null}},"type":"if","locations":[{"start":{"line":47,"column":4},"end":{"line":47,"column":null}},{"start":{},"end":{}}],"line":47},"3":{"loc":{"start":{"line":47,"column":8},"end":{"line":47,"column":26}},"type":"binary-expr","locations":[{"start":{"line":47,"column":8},"end":{"line":47,"column":18}},{"start":{"line":47,"column":18},"end":{"line":47,"column":26}}],"line":47},"4":{"loc":{"start":{"line":52,"column":4},"end":{"line":52,"column":null}},"type":"if","locations":[{"start":{"line":52,"column":4},"end":{"line":52,"column":null}},{"start":{},"end":{}}],"line":52},"5":{"loc":{"start":{"line":52,"column":8},"end":{"line":52,"column":72}},"type":"binary-expr","locations":[{"start":{"line":52,"column":8},"end":{"line":52,"column":27}},{"start":{"line":52,"column":27},"end":{"line":52,"column":46}},{"start":{"line":52,"column":46},"end":{"line":52,"column":72}}],"line":52},"6":{"loc":{"start":{"line":68,"column":4},"end":{"line":70,"column":null}},"type":"if","locations":[{"start":{"line":68,"column":4},"end":{"line":70,"column":null}},{"start":{},"end":{}}],"line":68},"7":{"loc":{"start":{"line":68,"column":8},"end":{"line":68,"column":87}},"type":"binary-expr","locations":[{"start":{"line":68,"column":8},"end":{"line":68,"column":26}},{"start":{"line":68,"column":26},"end":{"line":68,"column":57}},{"start":{"line":68,"column":57},"end":{"line":68,"column":87}}],"line":68},"8":{"loc":{"start":{"line":75,"column":4},"end":{"line":75,"column":null}},"type":"if","locations":[{"start":{"line":75,"column":4},"end":{"line":75,"column":null}},{"start":{},"end":{}}],"line":75},"9":{"loc":{"start":{"line":84,"column":4},"end":{"line":84,"column":null}},"type":"if","locations":[{"start":{"line":84,"column":4},"end":{"line":84,"column":null}},{"start":{},"end":{}}],"line":84}},"s":{"0":17,"1":17,"2":17,"3":17,"4":17,"5":17,"6":17,"7":17,"8":17,"9":17,"10":0,"11":17,"12":17,"13":18,"14":18,"15":18,"16":18,"17":0,"18":18,"19":18,"20":18,"21":1,"22":17,"23":17,"24":17,"25":17,"26":17,"27":17,"28":17,"29":17,"30":5,"31":5,"32":5,"33":1,"34":4,"35":4,"36":4,"37":4,"38":4,"39":0,"40":4,"41":4,"42":4,"43":4,"44":4,"45":1,"46":3,"47":3,"48":3,"49":3,"50":2,"51":2},"f":{"0":17,"1":18,"2":5,"3":4,"4":2},"b":{"0":[17,0],"1":[0,17],"2":[0,18],"3":[18,18],"4":[1,17],"5":[18,1,1],"6":[1,4],"7":[5,1,1],"8":[0,4],"9":[1,3]},"meta":{"lastBranch":10,"lastFunction":5,"lastStatement":52,"seen":{"s:18:9:18:Infinity":0,"s:19:9:19:Infinity":1,"s:21:48:21:Infinity":2,"s:22:52:22:Infinity":3,"f:24:2:24:14":0,"s:25:4:25:Infinity":4,"s:27:4:27:Infinity":5,"s:28:4:28:Infinity":6,"s:30:4:30:Infinity":7,"b:30:15:30:42:30:42:30:Infinity":0,"s:31:16:31:Infinity":8,"b:32:4:32:Infinity:undefined:undefined:undefined:undefined":1,"s:32:4:32:Infinity":9,"s:32:14:32:Infinity":10,"s:33:4:33:Infinity":11,"s:34:4:34:Infinity":12,"f:41:2:41:21":1,"s:42:17:42:Infinity":13,"s:43:14:43:Infinity":14,"s:44:14:44:Infinity":15,"b:47:4:47:Infinity:undefined:undefined:undefined:undefined":2,"s:47:4:47:Infinity":16,"b:47:8:47:18:47:18:47:26":3,"s:47:26:47:Infinity":17,"s:50:15:50:Infinity":18,"s:51:15:51:Infinity":19,"b:52:4:52:Infinity:undefined:undefined:undefined:undefined":4,"s:52:4:52:Infinity":20,"b:52:8:52:27:52:27:52:46:52:46:52:72":5,"s:52:72:52:Infinity":21,"s:54:4:54:Infinity":22,"s:55:4:55:Infinity":23,"s:56:4:56:Infinity":24,"s:57:4:57:Infinity":25,"s:58:4:58:Infinity":26,"s:59:4:59:Infinity":27,"s:60:4:60:Infinity":28,"s:61:4:61:Infinity":29,"f:65:2:65:43":2,"s:66:15:66:Infinity":30,"s:67:15:67:Infinity":31,"b:68:4:70:Infinity:undefined:undefined:undefined:undefined":6,"s:68:4:70:Infinity":32,"b:68:8:68:26:68:26:68:57:68:57:68:87":7,"s:69:6:69:Infinity":33,"s:71:16:71:Infinity":34,"s:72:4:72:Infinity":35,"s:73:4:73:Infinity":36,"s:74:16:74:Infinity":37,"b:75:4:75:Infinity:undefined:undefined:undefined:undefined":8,"s:75:4:75:Infinity":38,"s:75:14:75:Infinity":39,"s:76:4:76:Infinity":40,"s:77:4:77:Infinity":41,"s:78:4:78:Infinity":42,"s:79:4:79:Infinity":43,"f:83:2:83:15":3,"b:84:4:84:Infinity:undefined:undefined:undefined:undefined":9,"s:84:4:84:Infinity":44,"s:84:25:84:Infinity":45,"s:85:4:85:Infinity":46,"s:86:4:86:Infinity":47,"s:87:4:87:Infinity":48,"s:88:4:88:Infinity":49,"f:92:2:92:18":4,"s:93:4:93:Infinity":50,"s:94:4:94:Infinity":51},"fnNames":{}}}
}
